#
# There is insufficient memory for the Java Runtime Environment to continue.
# Native memory allocation (malloc) failed to allocate 1832976 bytes for Chunk::new
# Possible reasons:
#   The system is out of physical RAM or swap space
#   The process is running with CompressedOops enabled, and the Java Heap may be blocking the growth of the native heap
# Possible solutions:
#   Reduce memory load on the system
#   Increase physical memory or swap space
#   Check if swap backing store is full
#   Decrease Java heap size (-Xmx/-Xms)
#   Decrease number of Java threads
#   Decrease Java thread stack sizes (-Xss)
#   Set larger code cache with -XX:ReservedCodeCacheSize=
#   JVM is running with Unscaled Compressed Oops mode in which the Java heap is
#     placed in the first 4GB address space. The Java Heap base address is the
#     maximum limit for the native heap growth. Please use -XX:HeapBaseMinAddress
#     to set the Java Heap base and to place the Java Heap above 4GB virtual address.
# This output file may be truncated or incomplete.
#
#  Out of Memory Error (arena.cpp:197), pid=36984, tid=15388
#
# JRE version: OpenJDK Runtime Environment Temurin-11.0.19+7 (11.0.19+7) (build 11.0.19+7)
# Java VM: OpenJDK 64-Bit Server VM Temurin-11.0.19+7 (11.0.19+7, mixed mode, tiered, compressed oops, g1 gc, windows-amd64)
# No core dump will be written. Minidumps are not enabled by default on client versions of Windows
#

---------------  S U M M A R Y ------------

Command Line: --add-opens=java.base/java.util=ALL-UNNAMED --add-opens=java.base/java.lang=ALL-UNNAMED --add-opens=java.base/java.lang.invoke=ALL-UNNAMED --add-opens=java.prefs/java.util.prefs=ALL-UNNAMED --add-opens=java.base/java.nio.charset=ALL-UNNAMED --add-opens=java.base/java.net=ALL-UNNAMED --add-opens=java.base/java.util.concurrent.atomic=ALL-UNNAMED -XX:MaxMetaspaceSize=256m -XX:+HeapDumpOnOutOfMemoryError -Xms256m -Xmx512m -Dfile.encoding=windows-1251 -Duser.country=RU -Duser.language=ru -Duser.variant org.gradle.launcher.daemon.bootstrap.GradleDaemon 7.6

Host: AMD Ryzen 5 3500U with Radeon Vega Mobile Gfx  , 8 cores, 3G,  Windows 10 , 64 bit Build 19041 (10.0.19041.3636)
Time: Mon Mar 11 17:47:43 2024 RTZ 2 (s 10 , 64 bit Build 19041 (10.0.19041.3636) elapsed time: 3274.394740 seconds (0d 0h 54m 34s)

---------------  T H R E A D  ---------------

Current thread (0x000001577f3c9000):  JavaThread "C2 CompilerThread0" daemon [_thread_in_native, id=15388, stack(0x000000564f000000,0x000000564f100000)]


Current CompileTask:
C2:3274394 9883       4       groovyjarjarantlr4.v4.runtime.atn.PredictionContext::getCachedContext (297 bytes)

Stack: [0x000000564f000000,0x000000564f100000]
Native frames: (J=compiled Java code, j=interpreted, Vv=VM code, C=native code)
V  [jvm.dll+0x64fb5a]
V  [jvm.dll+0x7e3549]
V  [jvm.dll+0x7e4c49]
V  [jvm.dll+0x7e5333]
V  [jvm.dll+0x26afd5]
V  [jvm.dll+0xc1a5c]
V  [jvm.dll+0xc200c]
V  [jvm.dll+0x2dd462]
V  [jvm.dll+0x559fe7]
V  [jvm.dll+0x22ba61]
V  [jvm.dll+0x225129]
V  [jvm.dll+0x221c74]
V  [jvm.dll+0x19e6c1]
V  [jvm.dll+0x231f59]
V  [jvm.dll+0x2300af]
V  [jvm.dll+0x7a48d0]
V  [jvm.dll+0x79d6e4]
V  [jvm.dll+0x64e915]
C  [ucrtbase.dll+0x21bb2]
C  [KERNEL32.DLL+0x17344]
C  [ntdll.dll+0x526b1]


---------------  P R O C E S S  ---------------

Threads class SMR info:
_java_thread_list=0x00000157173761f0, length=40, elements={
0x000001577216c000, 0x000001577eb39000, 0x000001577eb42800, 0x000001577f3c3800,
0x000001577f3c4000, 0x000001577f3c7000, 0x000001577f3c9000, 0x000001577f3cd800,
0x000001577eb45000, 0x000001577f534800, 0x0000015711dc0800, 0x0000015712c6a800,
0x0000015712b55800, 0x0000015712bfc800, 0x0000015712bfa800, 0x0000015712bfb000,
0x0000015712bfc000, 0x0000015712e94000, 0x0000015712e92800, 0x0000015712e91000,
0x0000015712e95000, 0x0000015712e8f000, 0x0000015712e90000, 0x0000015712e95800,
0x0000015712e96800, 0x0000015712e93000, 0x0000015712e99000, 0x0000015712e9d000,
0x00000157152b4800, 0x00000157152b2000, 0x00000157152b6000, 0x00000157152b1000,
0x00000157152b2800, 0x00000157152b0800, 0x00000157152b3800, 0x00000157152b8800,
0x00000157152bc800, 0x00000157152b7000, 0x00000157152ba000, 0x00000157152b7800
}

Java Threads: ( => current thread )
  0x000001577216c000 JavaThread "main" [_thread_blocked, id=36040, stack(0x000000564e400000,0x000000564e500000)]
  0x000001577eb39000 JavaThread "Reference Handler" daemon [_thread_blocked, id=38880, stack(0x000000564eb00000,0x000000564ec00000)]
  0x000001577eb42800 JavaThread "Finalizer" daemon [_thread_blocked, id=8144, stack(0x000000564ec00000,0x000000564ed00000)]
  0x000001577f3c3800 JavaThread "Signal Dispatcher" daemon [_thread_blocked, id=37204, stack(0x000000564ed00000,0x000000564ee00000)]
  0x000001577f3c4000 JavaThread "Attach Listener" daemon [_thread_blocked, id=24124, stack(0x000000564ee00000,0x000000564ef00000)]
  0x000001577f3c7000 JavaThread "Service Thread" daemon [_thread_blocked, id=31572, stack(0x000000564ef00000,0x000000564f000000)]
=>0x000001577f3c9000 JavaThread "C2 CompilerThread0" daemon [_thread_in_native, id=15388, stack(0x000000564f000000,0x000000564f100000)]
  0x000001577f3cd800 JavaThread "C1 CompilerThread0" daemon [_thread_blocked, id=38872, stack(0x000000564f100000,0x000000564f200000)]
  0x000001577eb45000 JavaThread "Sweeper thread" daemon [_thread_blocked, id=5372, stack(0x000000564f200000,0x000000564f300000)]
  0x000001577f534800 JavaThread "Common-Cleaner" daemon [_thread_blocked, id=37352, stack(0x000000564f300000,0x000000564f400000)]
  0x0000015711dc0800 JavaThread "Daemon health stats" [_thread_blocked, id=18520, stack(0x000000564fa00000,0x000000564fb00000)]
  0x0000015712c6a800 JavaThread "Incoming local TCP Connector on port 49659" [_thread_in_native, id=37964, stack(0x000000564fb00000,0x000000564fc00000)]
  0x0000015712b55800 JavaThread "Daemon periodic checks" [_thread_blocked, id=17360, stack(0x000000564fc00000,0x000000564fd00000)]
  0x0000015712bfc800 JavaThread "Cache worker for journal cache (C:\Users\user\.gradle\caches\journal-1)" [_thread_blocked, id=37524, stack(0x0000005650400000,0x0000005650500000)]
  0x0000015712bfa800 JavaThread "File lock request listener" [_thread_in_native, id=36120, stack(0x0000005650500000,0x0000005650600000)]
  0x0000015712bfb000 JavaThread "Cache worker for file hash cache (C:\Users\user\.gradle\caches\7.6\fileHashes)" [_thread_blocked, id=13088, stack(0x0000005650900000,0x0000005650a00000)]
  0x0000015712bfc000 JavaThread "File watcher server" daemon [_thread_in_native, id=20304, stack(0x0000005650a00000,0x0000005650b00000)]
  0x0000015712e94000 JavaThread "File watcher consumer" daemon [_thread_blocked, id=33304, stack(0x0000005650b00000,0x0000005650c00000)]
  0x0000015712e92800 JavaThread "jar transforms" [_thread_blocked, id=36244, stack(0x0000005650c00000,0x0000005650d00000)]
  0x0000015712e91000 JavaThread "jar transforms Thread 2" [_thread_blocked, id=37092, stack(0x0000005650d00000,0x0000005650e00000)]
  0x0000015712e95000 JavaThread "jar transforms Thread 3" [_thread_blocked, id=36932, stack(0x0000005650e00000,0x0000005650f00000)]
  0x0000015712e8f000 JavaThread "jar transforms Thread 4" [_thread_blocked, id=24136, stack(0x0000005650f00000,0x0000005651000000)]
  0x0000015712e90000 JavaThread "jar transforms Thread 5" [_thread_blocked, id=37816, stack(0x0000005651000000,0x0000005651100000)]
  0x0000015712e95800 JavaThread "jar transforms Thread 6" [_thread_blocked, id=18100, stack(0x0000005651100000,0x0000005651200000)]
  0x0000015712e96800 JavaThread "jar transforms Thread 7" [_thread_blocked, id=19652, stack(0x0000005651200000,0x0000005651300000)]
  0x0000015712e93000 JavaThread "jar transforms Thread 8" [_thread_blocked, id=13244, stack(0x0000005651300000,0x0000005651400000)]
  0x0000015712e99000 JavaThread "Cache worker for file content cache (C:\Users\user\.gradle\caches\7.6\fileContent)" [_thread_blocked, id=10508, stack(0x0000005651600000,0x0000005651700000)]
  0x0000015712e9d000 JavaThread "Cache worker for execution history cache (C:\Users\user\.gradle\caches\7.6\executionHistory)" [_thread_blocked, id=34012, stack(0x0000005651900000,0x0000005651a00000)]
  0x00000157152b4800 JavaThread "Memory manager" [_thread_blocked, id=26872, stack(0x0000005651d00000,0x0000005651e00000)]
  0x00000157152b2000 JavaThread "Daemon Thread 4" [_thread_blocked, id=36300, stack(0x000000564e100000,0x000000564e200000)]
  0x00000157152b6000 JavaThread "Handler for socket connection from /127.0.0.1:49659 to /127.0.0.1:65443" [_thread_in_native, id=29884, stack(0x000000564e200000,0x000000564e300000)]
  0x00000157152b1000 JavaThread "Cancel handler" [_thread_blocked, id=37080, stack(0x000000564e300000,0x000000564e400000)]
  0x00000157152b2800 JavaThread "Daemon worker Thread 3" [_thread_in_Java, id=35900, stack(0x000000564fd00000,0x000000564fe00000)]
  0x00000157152b0800 JavaThread "Asynchronous log dispatcher for DefaultDaemonConnection: socket connection from /127.0.0.1:49659 to /127.0.0.1:65443" [_thread_blocked, id=41272, stack(0x000000564fe00000,0x000000564ff00000)]
  0x00000157152b3800 JavaThread "Stdin handler" [_thread_blocked, id=41928, stack(0x000000564ff00000,0x0000005650000000)]
  0x00000157152b8800 JavaThread "Daemon client event forwarder" [_thread_blocked, id=41016, stack(0x0000005650000000,0x0000005650100000)]
  0x00000157152bc800 JavaThread "Cache worker for checksums cache (C:\Users\user\IdeaProjects\Autotesting-homework1\.gradle\7.6\checksums)" [_thread_blocked, id=41032, stack(0x0000005650100000,0x0000005650200000)]
  0x00000157152b7000 JavaThread "Cache worker for cache directory md-rule (C:\Users\user\.gradle\caches\7.6\md-rule)" [_thread_blocked, id=10976, stack(0x0000005650200000,0x0000005650300000)]
  0x00000157152ba000 JavaThread "Cache worker for file hash cache (C:\Users\user\IdeaProjects\Autotesting-homework1\.gradle\7.6\fileHashes)" [_thread_blocked, id=32976, stack(0x0000005650300000,0x0000005650400000)]
  0x00000157152b7800 JavaThread "Cache worker for cache directory md-supplier (C:\Users\user\.gradle\caches\7.6\md-supplier)" [_thread_blocked, id=41576, stack(0x0000005651400000,0x0000005651500000)]

Other Threads:
  0x000001577eb30800 VMThread "VM Thread" [stack: 0x000000564ea00000,0x000000564eb00000] [id=30108]
  0x000001577f53f000 WatcherThread [stack: 0x000000564f400000,0x000000564f500000] [id=31504]
  0x0000015774360800 GCTaskThread "GC Thread#0" [stack: 0x000000564e500000,0x000000564e600000] [id=6540]
  0x000001571199c000 GCTaskThread "GC Thread#1" [stack: 0x000000564f500000,0x000000564f600000] [id=37148]
  0x00000157116eb800 GCTaskThread "GC Thread#2" [stack: 0x000000564f600000,0x000000564f700000] [id=38600]
  0x00000157116ec800 GCTaskThread "GC Thread#3" [stack: 0x000000564f700000,0x000000564f800000] [id=37452]
  0x000001571188e800 GCTaskThread "GC Thread#4" [stack: 0x000000564f800000,0x000000564f900000] [id=37468]
  0x000001571188f000 GCTaskThread "GC Thread#5" [stack: 0x000000564f900000,0x000000564fa00000] [id=28064]
  0x00000157110c2000 GCTaskThread "GC Thread#6" [stack: 0x0000005650600000,0x0000005650700000] [id=38428]
  0x00000157124e4800 GCTaskThread "GC Thread#7" [stack: 0x0000005650700000,0x0000005650800000] [id=17484]
  0x0000015774372800 ConcurrentGCThread "G1 Main Marker" [stack: 0x000000564e600000,0x000000564e700000] [id=35332]
  0x0000015774374800 ConcurrentGCThread "G1 Conc#0" [stack: 0x000000564e700000,0x000000564e800000] [id=38436]
  0x000001577f4b7800 ConcurrentGCThread "G1 Conc#1" [stack: 0x0000005650800000,0x0000005650900000] [id=21156]
  0x000001577e9c6800 ConcurrentGCThread "G1 Refine#0" [stack: 0x000000564e800000,0x000000564e900000] [id=34980]
  0x0000015714b9a000 ConcurrentGCThread "G1 Refine#1" [stack: 0x0000005651a00000,0x0000005651b00000] [id=1440]
  0x000001577e9c9000 ConcurrentGCThread "G1 Young RemSet Sampling" [stack: 0x000000564e900000,0x000000564ea00000] [id=27632]

Threads with active compile tasks:
C2 CompilerThread0  3274518 9883       4       groovyjarjarantlr4.v4.runtime.atn.PredictionContext::getCachedContext (297 bytes)

VM state:not at safepoint (normal execution)

VM Mutex/Monitor currently owned by a thread: None

Heap address: 0x00000000e0000000, size: 512 MB, Compressed Oops mode: 32-bit
Narrow klass base: 0x0000000000000000, Narrow klass shift: 3
Compressed class space size: 260046848 Address: 0x0000000100000000

Heap:
 garbage-first heap   total 262144K, used 149111K [0x00000000e0000000, 0x0000000100000000)
  region size 1024K, 38 young (38912K), 2 survivors (2048K)
 Metaspace       used 84522K, capacity 87257K, committed 87560K, reserved 331776K
  class space    used 10767K, capacity 11720K, committed 11776K, reserved 253952K
Heap Regions: E=young(eden), S=young(survivor), O=old, HS=humongous(starts), HC=humongous(continues), CS=collection set, F=free, A=archive, TAMS=top-at-mark-start (previous, next)
|   0|0x00000000e0000000, 0x00000000e0100000, 0x00000000e0100000|100%|HS|  |TAMS 0x00000000e0100000, 0x00000000e0000000| Complete 
|   1|0x00000000e0100000, 0x00000000e0200000, 0x00000000e0200000|100%|HC|  |TAMS 0x00000000e0200000, 0x00000000e0100000| Complete 
|   2|0x00000000e0200000, 0x00000000e0300000, 0x00000000e0300000|100%|HC|  |TAMS 0x00000000e0300000, 0x00000000e0200000| Complete 
|   3|0x00000000e0300000, 0x00000000e0400000, 0x00000000e0400000|100%| O|  |TAMS 0x00000000e0400000, 0x00000000e0300000| Untracked 
|   4|0x00000000e0400000, 0x00000000e0500000, 0x00000000e0500000|100%| O|  |TAMS 0x00000000e0500000, 0x00000000e0400000| Untracked 
|   5|0x00000000e0500000, 0x00000000e0600000, 0x00000000e0600000|100%| O|  |TAMS 0x00000000e0600000, 0x00000000e0500000| Untracked 
|   6|0x00000000e0600000, 0x00000000e0700000, 0x00000000e0700000|100%| O|  |TAMS 0x00000000e0700000, 0x00000000e0600000| Untracked 
|   7|0x00000000e0700000, 0x00000000e0800000, 0x00000000e0800000|100%| O|  |TAMS 0x00000000e0800000, 0x00000000e0700000| Untracked 
|   8|0x00000000e0800000, 0x00000000e0900000, 0x00000000e0900000|100%| O|  |TAMS 0x00000000e0900000, 0x00000000e0800000| Untracked 
|   9|0x00000000e0900000, 0x00000000e0a00000, 0x00000000e0a00000|100%| O|  |TAMS 0x00000000e0a00000, 0x00000000e0900000| Untracked 
|  10|0x00000000e0a00000, 0x00000000e0b00000, 0x00000000e0b00000|100%| O|  |TAMS 0x00000000e0b00000, 0x00000000e0a00000| Untracked 
|  11|0x00000000e0b00000, 0x00000000e0c00000, 0x00000000e0c00000|100%| O|  |TAMS 0x00000000e0c00000, 0x00000000e0b00000| Untracked 
|  12|0x00000000e0c00000, 0x00000000e0d00000, 0x00000000e0d00000|100%| O|  |TAMS 0x00000000e0d00000, 0x00000000e0c00000| Untracked 
|  13|0x00000000e0d00000, 0x00000000e0e00000, 0x00000000e0e00000|100%| O|  |TAMS 0x00000000e0e00000, 0x00000000e0d00000| Untracked 
|  14|0x00000000e0e00000, 0x00000000e0f00000, 0x00000000e0f00000|100%| O|  |TAMS 0x00000000e0f00000, 0x00000000e0e00000| Untracked 
|  15|0x00000000e0f00000, 0x00000000e1000000, 0x00000000e1000000|100%| O|  |TAMS 0x00000000e1000000, 0x00000000e0f00000| Untracked 
|  16|0x00000000e1000000, 0x00000000e1100000, 0x00000000e1100000|100%| O|  |TAMS 0x00000000e1100000, 0x00000000e1000000| Untracked 
|  17|0x00000000e1100000, 0x00000000e1200000, 0x00000000e1200000|100%|HS|  |TAMS 0x00000000e1200000, 0x00000000e1100000| Complete 
|  18|0x00000000e1200000, 0x00000000e1300000, 0x00000000e1300000|100%|HC|  |TAMS 0x00000000e1300000, 0x00000000e1200000| Complete 
|  19|0x00000000e1300000, 0x00000000e1400000, 0x00000000e1400000|100%|HS|  |TAMS 0x00000000e1400000, 0x00000000e1300000| Complete 
|  20|0x00000000e1400000, 0x00000000e1500000, 0x00000000e1500000|100%|HC|  |TAMS 0x00000000e1500000, 0x00000000e1400000| Complete 
|  21|0x00000000e1500000, 0x00000000e1600000, 0x00000000e1600000|100%|HC|  |TAMS 0x00000000e1600000, 0x00000000e1500000| Complete 
|  22|0x00000000e1600000, 0x00000000e1700000, 0x00000000e1700000|100%|HS|  |TAMS 0x00000000e1700000, 0x00000000e1600000| Complete 
|  23|0x00000000e1700000, 0x00000000e1800000, 0x00000000e1800000|100%|HC|  |TAMS 0x00000000e1800000, 0x00000000e1700000| Complete 
|  24|0x00000000e1800000, 0x00000000e1900000, 0x00000000e1900000|100%|HC|  |TAMS 0x00000000e1900000, 0x00000000e1800000| Complete 
|  25|0x00000000e1900000, 0x00000000e1a00000, 0x00000000e1a00000|100%|HS|  |TAMS 0x00000000e1a00000, 0x00000000e1900000| Complete 
|  26|0x00000000e1a00000, 0x00000000e1b00000, 0x00000000e1b00000|100%|HC|  |TAMS 0x00000000e1b00000, 0x00000000e1a00000| Complete 
|  27|0x00000000e1b00000, 0x00000000e1c00000, 0x00000000e1c00000|100%|HC|  |TAMS 0x00000000e1c00000, 0x00000000e1b00000| Complete 
|  28|0x00000000e1c00000, 0x00000000e1d00000, 0x00000000e1d00000|100%|HS|  |TAMS 0x00000000e1c00000, 0x00000000e1c00000| Complete 
|  29|0x00000000e1d00000, 0x00000000e1e00000, 0x00000000e1e00000|100%| O|  |TAMS 0x00000000e1e00000, 0x00000000e1d00000| Untracked 
|  30|0x00000000e1e00000, 0x00000000e1f00000, 0x00000000e1f00000|100%| O|  |TAMS 0x00000000e1f00000, 0x00000000e1e00000| Untracked 
|  31|0x00000000e1f00000, 0x00000000e2000000, 0x00000000e2000000|100%|HS|  |TAMS 0x00000000e2000000, 0x00000000e1f00000| Complete 
|  32|0x00000000e2000000, 0x00000000e2100000, 0x00000000e2100000|100%|HC|  |TAMS 0x00000000e2100000, 0x00000000e2000000| Complete 
|  33|0x00000000e2100000, 0x00000000e2200000, 0x00000000e2200000|100%|HC|  |TAMS 0x00000000e2200000, 0x00000000e2100000| Complete 
|  34|0x00000000e2200000, 0x00000000e2300000, 0x00000000e2300000|100%|HS|  |TAMS 0x00000000e2300000, 0x00000000e2200000| Complete 
|  35|0x00000000e2300000, 0x00000000e2400000, 0x00000000e2400000|100%|HC|  |TAMS 0x00000000e2400000, 0x00000000e2300000| Complete 
|  36|0x00000000e2400000, 0x00000000e2500000, 0x00000000e2500000|100%|HC|  |TAMS 0x00000000e2500000, 0x00000000e2400000| Complete 
|  37|0x00000000e2500000, 0x00000000e2600000, 0x00000000e2600000|100%|HC|  |TAMS 0x00000000e2600000, 0x00000000e2500000| Complete 
|  38|0x00000000e2600000, 0x00000000e2700000, 0x00000000e2700000|100%| O|  |TAMS 0x00000000e2700000, 0x00000000e2600000| Untracked 
|  39|0x00000000e2700000, 0x00000000e2800000, 0x00000000e2800000|100%| O|  |TAMS 0x00000000e2800000, 0x00000000e2700000| Untracked 
|  40|0x00000000e2800000, 0x00000000e2900000, 0x00000000e2900000|100%| O|  |TAMS 0x00000000e2900000, 0x00000000e2800000| Untracked 
|  41|0x00000000e2900000, 0x00000000e2a00000, 0x00000000e2a00000|100%| O|  |TAMS 0x00000000e2a00000, 0x00000000e2900000| Untracked 
|  42|0x00000000e2a00000, 0x00000000e2b00000, 0x00000000e2b00000|100%| O|  |TAMS 0x00000000e2b00000, 0x00000000e2a00000| Untracked 
|  43|0x00000000e2b00000, 0x00000000e2c00000, 0x00000000e2c00000|100%| O|  |TAMS 0x00000000e2c00000, 0x00000000e2b00000| Untracked 
|  44|0x00000000e2c00000, 0x00000000e2d00000, 0x00000000e2d00000|100%| O|  |TAMS 0x00000000e2cb8e00, 0x00000000e2c00000| Untracked 
|  45|0x00000000e2d00000, 0x00000000e2e00000, 0x00000000e2e00000|100%|HS|  |TAMS 0x00000000e2d00000, 0x00000000e2d00000| Complete 
|  46|0x00000000e2e00000, 0x00000000e2f00000, 0x00000000e2f00000|100%|HC|  |TAMS 0x00000000e2e00000, 0x00000000e2e00000| Complete 
|  47|0x00000000e2f00000, 0x00000000e3000000, 0x00000000e3000000|100%|HC|  |TAMS 0x00000000e2f00000, 0x00000000e2f00000| Complete 
|  48|0x00000000e3000000, 0x00000000e3100000, 0x00000000e3100000|100%|HC|  |TAMS 0x00000000e3000000, 0x00000000e3000000| Complete 
|  49|0x00000000e3100000, 0x00000000e3200000, 0x00000000e3200000|100%|HC|  |TAMS 0x00000000e3100000, 0x00000000e3100000| Complete 
|  50|0x00000000e3200000, 0x00000000e3300000, 0x00000000e3300000|100%|HC|  |TAMS 0x00000000e3200000, 0x00000000e3200000| Complete 
|  51|0x00000000e3300000, 0x00000000e3400000, 0x00000000e3400000|100%|HS|  |TAMS 0x00000000e3300000, 0x00000000e3300000| Complete 
|  52|0x00000000e3400000, 0x00000000e3500000, 0x00000000e3500000|100%|HC|  |TAMS 0x00000000e3400000, 0x00000000e3400000| Complete 
|  53|0x00000000e3500000, 0x00000000e3600000, 0x00000000e3600000|100%|HS|  |TAMS 0x00000000e3500000, 0x00000000e3500000| Complete 
|  54|0x00000000e3600000, 0x00000000e3700000, 0x00000000e3700000|100%|HC|  |TAMS 0x00000000e3600000, 0x00000000e3600000| Complete 
|  55|0x00000000e3700000, 0x00000000e3800000, 0x00000000e3800000|100%|HC|  |TAMS 0x00000000e3700000, 0x00000000e3700000| Complete 
|  56|0x00000000e3800000, 0x00000000e3900000, 0x00000000e3900000|100%|HS|  |TAMS 0x00000000e3800000, 0x00000000e3800000| Complete 
|  57|0x00000000e3900000, 0x00000000e3a00000, 0x00000000e3a00000|100%|HC|  |TAMS 0x00000000e3900000, 0x00000000e3900000| Complete 
|  58|0x00000000e3a00000, 0x00000000e3b00000, 0x00000000e3b00000|100%|HC|  |TAMS 0x00000000e3a00000, 0x00000000e3a00000| Complete 
|  59|0x00000000e3b00000, 0x00000000e3c00000, 0x00000000e3c00000|100%|HS|  |TAMS 0x00000000e3b00000, 0x00000000e3b00000| Complete 
|  60|0x00000000e3c00000, 0x00000000e3d00000, 0x00000000e3d00000|100%|HC|  |TAMS 0x00000000e3c00000, 0x00000000e3c00000| Complete 
|  61|0x00000000e3d00000, 0x00000000e3e00000, 0x00000000e3e00000|100%|HC|  |TAMS 0x00000000e3d00000, 0x00000000e3d00000| Complete 
|  62|0x00000000e3e00000, 0x00000000e3f00000, 0x00000000e3f00000|100%|HS|  |TAMS 0x00000000e3e00000, 0x00000000e3e00000| Complete 
|  63|0x00000000e3f00000, 0x00000000e4000000, 0x00000000e4000000|100%|HC|  |TAMS 0x00000000e3f00000, 0x00000000e3f00000| Complete 
|  64|0x00000000e4000000, 0x00000000e4100000, 0x00000000e4100000|100%|HC|  |TAMS 0x00000000e4000000, 0x00000000e4000000| Complete 
|  65|0x00000000e4100000, 0x00000000e4200000, 0x00000000e4200000|100%|HC|  |TAMS 0x00000000e4100000, 0x00000000e4100000| Complete 
|  66|0x00000000e4200000, 0x00000000e4300000, 0x00000000e4300000|100%|HC|  |TAMS 0x00000000e4200000, 0x00000000e4200000| Complete 
|  67|0x00000000e4300000, 0x00000000e4400000, 0x00000000e4400000|100%|HC|  |TAMS 0x00000000e4300000, 0x00000000e4300000| Complete 
|  68|0x00000000e4400000, 0x00000000e4500000, 0x00000000e4500000|100%|HS|  |TAMS 0x00000000e4400000, 0x00000000e4400000| Complete 
|  69|0x00000000e4500000, 0x00000000e4600000, 0x00000000e4600000|100%| O|  |TAMS 0x00000000e4500000, 0x00000000e4500000| Untracked 
|  70|0x00000000e4600000, 0x00000000e4700000, 0x00000000e4700000|100%| O|  |TAMS 0x00000000e4600000, 0x00000000e4600000| Untracked 
|  71|0x00000000e4700000, 0x00000000e4800000, 0x00000000e4800000|100%| O|  |TAMS 0x00000000e4700000, 0x00000000e4700000| Untracked 
|  72|0x00000000e4800000, 0x00000000e4900000, 0x00000000e4900000|100%| O|  |TAMS 0x00000000e4800000, 0x00000000e4800000| Untracked 
|  73|0x00000000e4900000, 0x00000000e4a00000, 0x00000000e4a00000|100%| O|  |TAMS 0x00000000e4900000, 0x00000000e4900000| Untracked 
|  74|0x00000000e4a00000, 0x00000000e4b00000, 0x00000000e4b00000|100%| O|  |TAMS 0x00000000e4a00000, 0x00000000e4a00000| Untracked 
|  75|0x00000000e4b00000, 0x00000000e4c00000, 0x00000000e4c00000|100%| O|  |TAMS 0x00000000e4b00000, 0x00000000e4b00000| Untracked 
|  76|0x00000000e4c00000, 0x00000000e4d00000, 0x00000000e4d00000|100%| O|  |TAMS 0x00000000e4c00000, 0x00000000e4c00000| Untracked 
|  77|0x00000000e4d00000, 0x00000000e4e00000, 0x00000000e4e00000|100%| O|  |TAMS 0x00000000e4d00000, 0x00000000e4d00000| Untracked 
|  78|0x00000000e4e00000, 0x00000000e4f00000, 0x00000000e4f00000|100%| O|  |TAMS 0x00000000e4e00000, 0x00000000e4e00000| Untracked 
|  79|0x00000000e4f00000, 0x00000000e5000000, 0x00000000e5000000|100%| O|  |TAMS 0x00000000e4f00000, 0x00000000e4f00000| Untracked 
|  80|0x00000000e5000000, 0x00000000e5100000, 0x00000000e5100000|100%| O|  |TAMS 0x00000000e5000000, 0x00000000e5000000| Untracked 
|  81|0x00000000e5100000, 0x00000000e5200000, 0x00000000e5200000|100%| O|  |TAMS 0x00000000e5100000, 0x00000000e5100000| Untracked 
|  82|0x00000000e5200000, 0x00000000e5300000, 0x00000000e5300000|100%| O|  |TAMS 0x00000000e5200000, 0x00000000e5200000| Untracked 
|  83|0x00000000e5300000, 0x00000000e5400000, 0x00000000e5400000|100%| O|  |TAMS 0x00000000e5300000, 0x00000000e5300000| Untracked 
|  84|0x00000000e5400000, 0x00000000e5500000, 0x00000000e5500000|100%| O|  |TAMS 0x00000000e5400000, 0x00000000e5400000| Untracked 
|  85|0x00000000e5500000, 0x00000000e5600000, 0x00000000e5600000|100%| O|  |TAMS 0x00000000e5500000, 0x00000000e5500000| Untracked 
|  86|0x00000000e5600000, 0x00000000e5700000, 0x00000000e5700000|100%| O|  |TAMS 0x00000000e5600000, 0x00000000e5600000| Untracked 
|  87|0x00000000e5700000, 0x00000000e5800000, 0x00000000e5800000|100%| O|  |TAMS 0x00000000e5700000, 0x00000000e5700000| Untracked 
|  88|0x00000000e5800000, 0x00000000e5900000, 0x00000000e5900000|100%| O|  |TAMS 0x00000000e5800000, 0x00000000e5800000| Untracked 
|  89|0x00000000e5900000, 0x00000000e5a00000, 0x00000000e5a00000|100%| O|  |TAMS 0x00000000e5900000, 0x00000000e5900000| Untracked 
|  90|0x00000000e5a00000, 0x00000000e5b00000, 0x00000000e5b00000|100%| O|  |TAMS 0x00000000e5a00000, 0x00000000e5a00000| Untracked 
|  91|0x00000000e5b00000, 0x00000000e5c00000, 0x00000000e5c00000|100%| O|  |TAMS 0x00000000e5b00000, 0x00000000e5b00000| Untracked 
|  92|0x00000000e5c00000, 0x00000000e5d00000, 0x00000000e5d00000|100%| O|  |TAMS 0x00000000e5c00000, 0x00000000e5c00000| Untracked 
|  93|0x00000000e5d00000, 0x00000000e5e00000, 0x00000000e5e00000|100%| O|  |TAMS 0x00000000e5d00000, 0x00000000e5d00000| Untracked 
|  94|0x00000000e5e00000, 0x00000000e5f00000, 0x00000000e5f00000|100%| O|  |TAMS 0x00000000e5e00000, 0x00000000e5e00000| Untracked 
|  95|0x00000000e5f00000, 0x00000000e6000000, 0x00000000e6000000|100%| O|  |TAMS 0x00000000e5f00000, 0x00000000e5f00000| Untracked 
|  96|0x00000000e6000000, 0x00000000e6100000, 0x00000000e6100000|100%| O|  |TAMS 0x00000000e6000000, 0x00000000e6000000| Untracked 
|  97|0x00000000e6100000, 0x00000000e6200000, 0x00000000e6200000|100%| O|  |TAMS 0x00000000e6100000, 0x00000000e6100000| Untracked 
|  98|0x00000000e6200000, 0x00000000e6300000, 0x00000000e6300000|100%| O|  |TAMS 0x00000000e6200000, 0x00000000e6200000| Untracked 
|  99|0x00000000e6300000, 0x00000000e6400000, 0x00000000e6400000|100%| O|  |TAMS 0x00000000e6300000, 0x00000000e6300000| Untracked 
| 100|0x00000000e6400000, 0x00000000e6500000, 0x00000000e6500000|100%| O|  |TAMS 0x00000000e6400000, 0x00000000e6400000| Untracked 
| 101|0x00000000e6500000, 0x00000000e6600000, 0x00000000e6600000|100%| O|  |TAMS 0x00000000e6500000, 0x00000000e6500000| Untracked 
| 102|0x00000000e6600000, 0x00000000e6700000, 0x00000000e6700000|100%| O|  |TAMS 0x00000000e6600000, 0x00000000e6600000| Untracked 
| 103|0x00000000e6700000, 0x00000000e6800000, 0x00000000e6800000|100%| O|  |TAMS 0x00000000e6700000, 0x00000000e6700000| Untracked 
| 104|0x00000000e6800000, 0x00000000e6900000, 0x00000000e6900000|100%| O|  |TAMS 0x00000000e6800000, 0x00000000e6800000| Untracked 
| 105|0x00000000e6900000, 0x00000000e6a00000, 0x00000000e6a00000|100%| O|  |TAMS 0x00000000e6900000, 0x00000000e6900000| Untracked 
| 106|0x00000000e6a00000, 0x00000000e6b00000, 0x00000000e6b00000|100%| O|  |TAMS 0x00000000e6a00000, 0x00000000e6a00000| Untracked 
| 107|0x00000000e6b00000, 0x00000000e6c00000, 0x00000000e6c00000|100%| O|  |TAMS 0x00000000e6b00000, 0x00000000e6b00000| Untracked 
| 108|0x00000000e6c00000, 0x00000000e6d00000, 0x00000000e6d00000|100%| O|  |TAMS 0x00000000e6c00000, 0x00000000e6c00000| Untracked 
| 109|0x00000000e6d00000, 0x00000000e6d20a00, 0x00000000e6e00000| 12%| O|  |TAMS 0x00000000e6d00000, 0x00000000e6d00000| Untracked 
| 110|0x00000000e6e00000, 0x00000000e6e00000, 0x00000000e6f00000|  0%| F|  |TAMS 0x00000000e6e00000, 0x00000000e6e00000| Untracked 
| 111|0x00000000e6f00000, 0x00000000e6f00000, 0x00000000e7000000|  0%| F|  |TAMS 0x00000000e6f00000, 0x00000000e6f00000| Untracked 
| 112|0x00000000e7000000, 0x00000000e7000000, 0x00000000e7100000|  0%| F|  |TAMS 0x00000000e7000000, 0x00000000e7000000| Untracked 
| 113|0x00000000e7100000, 0x00000000e7100000, 0x00000000e7200000|  0%| F|  |TAMS 0x00000000e7100000, 0x00000000e7100000| Untracked 
| 114|0x00000000e7200000, 0x00000000e7200000, 0x00000000e7300000|  0%| F|  |TAMS 0x00000000e7200000, 0x00000000e7200000| Untracked 
| 115|0x00000000e7300000, 0x00000000e7300000, 0x00000000e7400000|  0%| F|  |TAMS 0x00000000e7300000, 0x00000000e7300000| Untracked 
| 116|0x00000000e7400000, 0x00000000e7400000, 0x00000000e7500000|  0%| F|  |TAMS 0x00000000e7400000, 0x00000000e7400000| Untracked 
| 117|0x00000000e7500000, 0x00000000e7500000, 0x00000000e7600000|  0%| F|  |TAMS 0x00000000e7500000, 0x00000000e7500000| Untracked 
| 118|0x00000000e7600000, 0x00000000e7600000, 0x00000000e7700000|  0%| F|  |TAMS 0x00000000e7600000, 0x00000000e7600000| Untracked 
| 119|0x00000000e7700000, 0x00000000e7700000, 0x00000000e7800000|  0%| F|  |TAMS 0x00000000e7700000, 0x00000000e7700000| Untracked 
| 120|0x00000000e7800000, 0x00000000e7800000, 0x00000000e7900000|  0%| F|  |TAMS 0x00000000e7800000, 0x00000000e7800000| Untracked 
| 121|0x00000000e7900000, 0x00000000e7900000, 0x00000000e7a00000|  0%| F|  |TAMS 0x00000000e7900000, 0x00000000e7900000| Untracked 
| 122|0x00000000e7a00000, 0x00000000e7a00000, 0x00000000e7b00000|  0%| F|  |TAMS 0x00000000e7a00000, 0x00000000e7a00000| Untracked 
| 123|0x00000000e7b00000, 0x00000000e7b00000, 0x00000000e7c00000|  0%| F|  |TAMS 0x00000000e7b00000, 0x00000000e7b00000| Untracked 
| 124|0x00000000e7c00000, 0x00000000e7c00000, 0x00000000e7d00000|  0%| F|  |TAMS 0x00000000e7c00000, 0x00000000e7c00000| Untracked 
| 125|0x00000000e7d00000, 0x00000000e7d00000, 0x00000000e7e00000|  0%| F|  |TAMS 0x00000000e7d00000, 0x00000000e7d00000| Untracked 
| 126|0x00000000e7e00000, 0x00000000e7e00000, 0x00000000e7f00000|  0%| F|  |TAMS 0x00000000e7e00000, 0x00000000e7e00000| Untracked 
| 127|0x00000000e7f00000, 0x00000000e7f00000, 0x00000000e8000000|  0%| F|  |TAMS 0x00000000e7f00000, 0x00000000e7f00000| Untracked 
| 128|0x00000000e8000000, 0x00000000e8000000, 0x00000000e8100000|  0%| F|  |TAMS 0x00000000e8000000, 0x00000000e8000000| Untracked 
| 129|0x00000000e8100000, 0x00000000e8100000, 0x00000000e8200000|  0%| F|  |TAMS 0x00000000e8100000, 0x00000000e8100000| Untracked 
| 130|0x00000000e8200000, 0x00000000e8200000, 0x00000000e8300000|  0%| F|  |TAMS 0x00000000e8200000, 0x00000000e8200000| Untracked 
| 131|0x00000000e8300000, 0x00000000e8300000, 0x00000000e8400000|  0%| F|  |TAMS 0x00000000e8300000, 0x00000000e8300000| Untracked 
| 132|0x00000000e8400000, 0x00000000e8400000, 0x00000000e8500000|  0%| F|  |TAMS 0x00000000e8400000, 0x00000000e8400000| Untracked 
| 133|0x00000000e8500000, 0x00000000e8500000, 0x00000000e8600000|  0%| F|  |TAMS 0x00000000e8500000, 0x00000000e8500000| Untracked 
| 134|0x00000000e8600000, 0x00000000e8600000, 0x00000000e8700000|  0%| F|  |TAMS 0x00000000e8600000, 0x00000000e8600000| Untracked 
| 135|0x00000000e8700000, 0x00000000e8700000, 0x00000000e8800000|  0%| F|  |TAMS 0x00000000e8700000, 0x00000000e8700000| Untracked 
| 136|0x00000000e8800000, 0x00000000e8800000, 0x00000000e8900000|  0%| F|  |TAMS 0x00000000e8800000, 0x00000000e8800000| Untracked 
| 137|0x00000000e8900000, 0x00000000e8900000, 0x00000000e8a00000|  0%| F|  |TAMS 0x00000000e8900000, 0x00000000e8900000| Untracked 
| 138|0x00000000e8a00000, 0x00000000e8a00000, 0x00000000e8b00000|  0%| F|  |TAMS 0x00000000e8a00000, 0x00000000e8a00000| Untracked 
| 139|0x00000000e8b00000, 0x00000000e8b00000, 0x00000000e8c00000|  0%| F|  |TAMS 0x00000000e8b00000, 0x00000000e8b00000| Untracked 
| 140|0x00000000e8c00000, 0x00000000e8c00000, 0x00000000e8d00000|  0%| F|  |TAMS 0x00000000e8c00000, 0x00000000e8c00000| Untracked 
| 141|0x00000000e8d00000, 0x00000000e8d00000, 0x00000000e8e00000|  0%| F|  |TAMS 0x00000000e8d00000, 0x00000000e8d00000| Untracked 
| 142|0x00000000e8e00000, 0x00000000e8e00000, 0x00000000e8f00000|  0%| F|  |TAMS 0x00000000e8e00000, 0x00000000e8e00000| Untracked 
| 143|0x00000000e8f00000, 0x00000000e8f00000, 0x00000000e9000000|  0%| F|  |TAMS 0x00000000e8f00000, 0x00000000e8f00000| Untracked 
| 144|0x00000000e9000000, 0x00000000e9000000, 0x00000000e9100000|  0%| F|  |TAMS 0x00000000e9000000, 0x00000000e9000000| Untracked 
| 145|0x00000000e9100000, 0x00000000e9100000, 0x00000000e9200000|  0%| F|  |TAMS 0x00000000e9100000, 0x00000000e9100000| Untracked 
| 146|0x00000000e9200000, 0x00000000e9200000, 0x00000000e9300000|  0%| F|  |TAMS 0x00000000e9200000, 0x00000000e9200000| Untracked 
| 147|0x00000000e9300000, 0x00000000e9300000, 0x00000000e9400000|  0%| F|  |TAMS 0x00000000e9300000, 0x00000000e9300000| Untracked 
| 148|0x00000000e9400000, 0x00000000e9400000, 0x00000000e9500000|  0%| F|  |TAMS 0x00000000e9400000, 0x00000000e9400000| Untracked 
| 149|0x00000000e9500000, 0x00000000e9500000, 0x00000000e9600000|  0%| F|  |TAMS 0x00000000e9500000, 0x00000000e9500000| Untracked 
| 150|0x00000000e9600000, 0x00000000e9600000, 0x00000000e9700000|  0%| F|  |TAMS 0x00000000e9600000, 0x00000000e9600000| Untracked 
| 151|0x00000000e9700000, 0x00000000e9700000, 0x00000000e9800000|  0%| F|  |TAMS 0x00000000e9700000, 0x00000000e9700000| Untracked 
| 152|0x00000000e9800000, 0x00000000e9800000, 0x00000000e9900000|  0%| F|  |TAMS 0x00000000e9800000, 0x00000000e9800000| Untracked 
| 153|0x00000000e9900000, 0x00000000e9900000, 0x00000000e9a00000|  0%| F|  |TAMS 0x00000000e9900000, 0x00000000e9900000| Untracked 
| 154|0x00000000e9a00000, 0x00000000e9a00000, 0x00000000e9b00000|  0%| F|  |TAMS 0x00000000e9a00000, 0x00000000e9a00000| Untracked 
| 155|0x00000000e9b00000, 0x00000000e9b00000, 0x00000000e9c00000|  0%| F|  |TAMS 0x00000000e9b00000, 0x00000000e9b00000| Untracked 
| 156|0x00000000e9c00000, 0x00000000e9c00000, 0x00000000e9d00000|  0%| F|  |TAMS 0x00000000e9c00000, 0x00000000e9c00000| Untracked 
| 157|0x00000000e9d00000, 0x00000000e9d00000, 0x00000000e9e00000|  0%| F|  |TAMS 0x00000000e9d00000, 0x00000000e9d00000| Untracked 
| 158|0x00000000e9e00000, 0x00000000e9e00000, 0x00000000e9f00000|  0%| F|  |TAMS 0x00000000e9e00000, 0x00000000e9e00000| Untracked 
| 159|0x00000000e9f00000, 0x00000000e9f00000, 0x00000000ea000000|  0%| F|  |TAMS 0x00000000e9f00000, 0x00000000e9f00000| Untracked 
| 160|0x00000000ea000000, 0x00000000ea000000, 0x00000000ea100000|  0%| F|  |TAMS 0x00000000ea000000, 0x00000000ea000000| Untracked 
| 161|0x00000000ea100000, 0x00000000ea100000, 0x00000000ea200000|  0%| F|  |TAMS 0x00000000ea100000, 0x00000000ea100000| Untracked 
| 162|0x00000000ea200000, 0x00000000ea200000, 0x00000000ea300000|  0%| F|  |TAMS 0x00000000ea200000, 0x00000000ea200000| Untracked 
| 163|0x00000000ea300000, 0x00000000ea300000, 0x00000000ea400000|  0%| F|  |TAMS 0x00000000ea300000, 0x00000000ea300000| Untracked 
| 164|0x00000000ea400000, 0x00000000ea400000, 0x00000000ea500000|  0%| F|  |TAMS 0x00000000ea400000, 0x00000000ea400000| Untracked 
| 165|0x00000000ea500000, 0x00000000ea500000, 0x00000000ea600000|  0%| F|  |TAMS 0x00000000ea500000, 0x00000000ea500000| Untracked 
| 166|0x00000000ea600000, 0x00000000ea600000, 0x00000000ea700000|  0%| F|  |TAMS 0x00000000ea600000, 0x00000000ea600000| Untracked 
| 167|0x00000000ea700000, 0x00000000ea700000, 0x00000000ea800000|  0%| F|  |TAMS 0x00000000ea700000, 0x00000000ea700000| Untracked 
| 168|0x00000000ea800000, 0x00000000ea800000, 0x00000000ea900000|  0%| F|  |TAMS 0x00000000ea800000, 0x00000000ea800000| Untracked 
| 169|0x00000000ea900000, 0x00000000ea900000, 0x00000000eaa00000|  0%| F|  |TAMS 0x00000000ea900000, 0x00000000ea900000| Untracked 
| 170|0x00000000eaa00000, 0x00000000eaa00000, 0x00000000eab00000|  0%| F|  |TAMS 0x00000000eaa00000, 0x00000000eaa00000| Untracked 
| 171|0x00000000eab00000, 0x00000000eab00000, 0x00000000eac00000|  0%| F|  |TAMS 0x00000000eab00000, 0x00000000eab00000| Untracked 
| 172|0x00000000eac00000, 0x00000000eac00000, 0x00000000ead00000|  0%| F|  |TAMS 0x00000000eac00000, 0x00000000eac00000| Untracked 
| 173|0x00000000ead00000, 0x00000000ead00000, 0x00000000eae00000|  0%| F|  |TAMS 0x00000000ead00000, 0x00000000ead00000| Untracked 
| 174|0x00000000eae00000, 0x00000000eae00000, 0x00000000eaf00000|  0%| F|  |TAMS 0x00000000eae00000, 0x00000000eae00000| Untracked 
| 175|0x00000000eaf00000, 0x00000000eaf00000, 0x00000000eb000000|  0%| F|  |TAMS 0x00000000eaf00000, 0x00000000eaf00000| Untracked 
| 176|0x00000000eb000000, 0x00000000eb000000, 0x00000000eb100000|  0%| F|  |TAMS 0x00000000eb000000, 0x00000000eb000000| Untracked 
| 177|0x00000000eb100000, 0x00000000eb100000, 0x00000000eb200000|  0%| F|  |TAMS 0x00000000eb100000, 0x00000000eb100000| Untracked 
| 178|0x00000000eb200000, 0x00000000eb200000, 0x00000000eb300000|  0%| F|  |TAMS 0x00000000eb200000, 0x00000000eb200000| Untracked 
| 179|0x00000000eb300000, 0x00000000eb300000, 0x00000000eb400000|  0%| F|  |TAMS 0x00000000eb300000, 0x00000000eb300000| Untracked 
| 180|0x00000000eb400000, 0x00000000eb400000, 0x00000000eb500000|  0%| F|  |TAMS 0x00000000eb400000, 0x00000000eb400000| Untracked 
| 181|0x00000000eb500000, 0x00000000eb500000, 0x00000000eb600000|  0%| F|  |TAMS 0x00000000eb500000, 0x00000000eb500000| Untracked 
| 182|0x00000000eb600000, 0x00000000eb600000, 0x00000000eb700000|  0%| F|  |TAMS 0x00000000eb600000, 0x00000000eb600000| Untracked 
| 183|0x00000000eb700000, 0x00000000eb700000, 0x00000000eb800000|  0%| F|  |TAMS 0x00000000eb700000, 0x00000000eb700000| Untracked 
| 184|0x00000000eb800000, 0x00000000eb800000, 0x00000000eb900000|  0%| F|  |TAMS 0x00000000eb800000, 0x00000000eb800000| Untracked 
| 185|0x00000000eb900000, 0x00000000eb900000, 0x00000000eba00000|  0%| F|  |TAMS 0x00000000eb900000, 0x00000000eb900000| Untracked 
| 186|0x00000000eba00000, 0x00000000eba00000, 0x00000000ebb00000|  0%| F|  |TAMS 0x00000000eba00000, 0x00000000eba00000| Untracked 
| 187|0x00000000ebb00000, 0x00000000ebb00000, 0x00000000ebc00000|  0%| F|  |TAMS 0x00000000ebb00000, 0x00000000ebb00000| Untracked 
| 188|0x00000000ebc00000, 0x00000000ebc00000, 0x00000000ebd00000|  0%| F|  |TAMS 0x00000000ebc00000, 0x00000000ebc00000| Untracked 
| 189|0x00000000ebd00000, 0x00000000ebd00000, 0x00000000ebe00000|  0%| F|  |TAMS 0x00000000ebd00000, 0x00000000ebd00000| Untracked 
| 190|0x00000000ebe00000, 0x00000000ebe00000, 0x00000000ebf00000|  0%| F|  |TAMS 0x00000000ebe00000, 0x00000000ebe00000| Untracked 
| 191|0x00000000ebf00000, 0x00000000ebf00000, 0x00000000ec000000|  0%| F|  |TAMS 0x00000000ebf00000, 0x00000000ebf00000| Untracked 
| 192|0x00000000ec000000, 0x00000000ec000000, 0x00000000ec100000|  0%| F|  |TAMS 0x00000000ec000000, 0x00000000ec000000| Untracked 
| 193|0x00000000ec100000, 0x00000000ec100000, 0x00000000ec200000|  0%| F|  |TAMS 0x00000000ec100000, 0x00000000ec100000| Untracked 
| 194|0x00000000ec200000, 0x00000000ec200000, 0x00000000ec300000|  0%| F|  |TAMS 0x00000000ec200000, 0x00000000ec200000| Untracked 
| 195|0x00000000ec300000, 0x00000000ec300000, 0x00000000ec400000|  0%| F|  |TAMS 0x00000000ec300000, 0x00000000ec300000| Untracked 
| 196|0x00000000ec400000, 0x00000000ec400000, 0x00000000ec500000|  0%| F|  |TAMS 0x00000000ec400000, 0x00000000ec400000| Untracked 
| 197|0x00000000ec500000, 0x00000000ec500000, 0x00000000ec600000|  0%| F|  |TAMS 0x00000000ec500000, 0x00000000ec500000| Untracked 
| 198|0x00000000ec600000, 0x00000000ec600000, 0x00000000ec700000|  0%| F|  |TAMS 0x00000000ec600000, 0x00000000ec600000| Untracked 
| 199|0x00000000ec700000, 0x00000000ec700000, 0x00000000ec800000|  0%| F|  |TAMS 0x00000000ec700000, 0x00000000ec700000| Untracked 
| 200|0x00000000ec800000, 0x00000000ec800000, 0x00000000ec900000|  0%| F|  |TAMS 0x00000000ec800000, 0x00000000ec800000| Untracked 
| 201|0x00000000ec900000, 0x00000000ec900000, 0x00000000eca00000|  0%| F|  |TAMS 0x00000000ec900000, 0x00000000ec900000| Untracked 
| 202|0x00000000eca00000, 0x00000000eca00000, 0x00000000ecb00000|  0%| F|  |TAMS 0x00000000eca00000, 0x00000000eca00000| Untracked 
| 203|0x00000000ecb00000, 0x00000000ecb00000, 0x00000000ecc00000|  0%| F|  |TAMS 0x00000000ecb00000, 0x00000000ecb00000| Untracked 
| 204|0x00000000ecc00000, 0x00000000ecc00000, 0x00000000ecd00000|  0%| F|  |TAMS 0x00000000ecc00000, 0x00000000ecc00000| Untracked 
| 205|0x00000000ecd00000, 0x00000000ecd00000, 0x00000000ece00000|  0%| F|  |TAMS 0x00000000ecd00000, 0x00000000ecd00000| Untracked 
| 206|0x00000000ece00000, 0x00000000ece00000, 0x00000000ecf00000|  0%| F|  |TAMS 0x00000000ece00000, 0x00000000ece00000| Untracked 
| 207|0x00000000ecf00000, 0x00000000ecf00000, 0x00000000ed000000|  0%| F|  |TAMS 0x00000000ecf00000, 0x00000000ecf00000| Untracked 
| 208|0x00000000ed000000, 0x00000000ed000000, 0x00000000ed100000|  0%| F|  |TAMS 0x00000000ed000000, 0x00000000ed000000| Untracked 
| 209|0x00000000ed100000, 0x00000000ed100000, 0x00000000ed200000|  0%| F|  |TAMS 0x00000000ed100000, 0x00000000ed100000| Untracked 
| 210|0x00000000ed200000, 0x00000000ed200000, 0x00000000ed300000|  0%| F|  |TAMS 0x00000000ed200000, 0x00000000ed200000| Untracked 
| 211|0x00000000ed300000, 0x00000000ed300000, 0x00000000ed400000|  0%| F|  |TAMS 0x00000000ed300000, 0x00000000ed300000| Untracked 
| 212|0x00000000ed400000, 0x00000000ed400000, 0x00000000ed500000|  0%| F|  |TAMS 0x00000000ed400000, 0x00000000ed400000| Untracked 
| 213|0x00000000ed500000, 0x00000000ed500000, 0x00000000ed600000|  0%| F|  |TAMS 0x00000000ed500000, 0x00000000ed500000| Untracked 
| 214|0x00000000ed600000, 0x00000000ed600000, 0x00000000ed700000|  0%| F|  |TAMS 0x00000000ed600000, 0x00000000ed600000| Untracked 
| 215|0x00000000ed700000, 0x00000000ed700000, 0x00000000ed800000|  0%| F|  |TAMS 0x00000000ed700000, 0x00000000ed700000| Untracked 
| 216|0x00000000ed800000, 0x00000000ed800000, 0x00000000ed900000|  0%| F|  |TAMS 0x00000000ed800000, 0x00000000ed800000| Untracked 
| 217|0x00000000ed900000, 0x00000000eda00000, 0x00000000eda00000|100%| E|  |TAMS 0x00000000ed900000, 0x00000000ed900000| Complete 
| 218|0x00000000eda00000, 0x00000000edb00000, 0x00000000edb00000|100%| E|CS|TAMS 0x00000000eda00000, 0x00000000eda00000| Complete 
| 219|0x00000000edb00000, 0x00000000edc00000, 0x00000000edc00000|100%| E|CS|TAMS 0x00000000edb00000, 0x00000000edb00000| Complete 
| 220|0x00000000edc00000, 0x00000000edd00000, 0x00000000edd00000|100%| E|CS|TAMS 0x00000000edc00000, 0x00000000edc00000| Complete 
| 221|0x00000000edd00000, 0x00000000ede00000, 0x00000000ede00000|100%| E|CS|TAMS 0x00000000edd00000, 0x00000000edd00000| Complete 
| 222|0x00000000ede00000, 0x00000000edf00000, 0x00000000edf00000|100%| E|CS|TAMS 0x00000000ede00000, 0x00000000ede00000| Complete 
| 223|0x00000000edf00000, 0x00000000ee000000, 0x00000000ee000000|100%| E|CS|TAMS 0x00000000edf00000, 0x00000000edf00000| Complete 
| 224|0x00000000ee000000, 0x00000000ee100000, 0x00000000ee100000|100%| E|CS|TAMS 0x00000000ee000000, 0x00000000ee000000| Complete 
| 225|0x00000000ee100000, 0x00000000ee200000, 0x00000000ee200000|100%| E|CS|TAMS 0x00000000ee100000, 0x00000000ee100000| Complete 
| 226|0x00000000ee200000, 0x00000000ee300000, 0x00000000ee300000|100%| E|CS|TAMS 0x00000000ee200000, 0x00000000ee200000| Complete 
| 227|0x00000000ee300000, 0x00000000ee400000, 0x00000000ee400000|100%| E|CS|TAMS 0x00000000ee300000, 0x00000000ee300000| Complete 
| 228|0x00000000ee400000, 0x00000000ee500000, 0x00000000ee500000|100%| E|CS|TAMS 0x00000000ee400000, 0x00000000ee400000| Complete 
| 229|0x00000000ee500000, 0x00000000ee600000, 0x00000000ee600000|100%| E|CS|TAMS 0x00000000ee500000, 0x00000000ee500000| Complete 
| 230|0x00000000ee600000, 0x00000000ee700000, 0x00000000ee700000|100%| E|CS|TAMS 0x00000000ee600000, 0x00000000ee600000| Complete 
| 231|0x00000000ee700000, 0x00000000ee800000, 0x00000000ee800000|100%| E|CS|TAMS 0x00000000ee700000, 0x00000000ee700000| Complete 
| 232|0x00000000ee800000, 0x00000000ee900000, 0x00000000ee900000|100%| E|CS|TAMS 0x00000000ee800000, 0x00000000ee800000| Complete 
| 233|0x00000000ee900000, 0x00000000eea00000, 0x00000000eea00000|100%| E|CS|TAMS 0x00000000ee900000, 0x00000000ee900000| Complete 
| 234|0x00000000eea00000, 0x00000000eeb00000, 0x00000000eeb00000|100%| E|CS|TAMS 0x00000000eea00000, 0x00000000eea00000| Complete 
| 235|0x00000000eeb00000, 0x00000000eec00000, 0x00000000eec00000|100%| E|CS|TAMS 0x00000000eeb00000, 0x00000000eeb00000| Complete 
| 236|0x00000000eec00000, 0x00000000eed00000, 0x00000000eed00000|100%| E|CS|TAMS 0x00000000eec00000, 0x00000000eec00000| Complete 
| 237|0x00000000eed00000, 0x00000000eee00000, 0x00000000eee00000|100%| E|CS|TAMS 0x00000000eed00000, 0x00000000eed00000| Complete 
| 238|0x00000000eee00000, 0x00000000eef00000, 0x00000000eef00000|100%| E|CS|TAMS 0x00000000eee00000, 0x00000000eee00000| Complete 
| 239|0x00000000eef00000, 0x00000000ef000000, 0x00000000ef000000|100%| E|CS|TAMS 0x00000000eef00000, 0x00000000eef00000| Complete 
| 240|0x00000000ef000000, 0x00000000ef100000, 0x00000000ef100000|100%| E|CS|TAMS 0x00000000ef000000, 0x00000000ef000000| Complete 
| 241|0x00000000ef100000, 0x00000000ef200000, 0x00000000ef200000|100%| E|CS|TAMS 0x00000000ef100000, 0x00000000ef100000| Complete 
| 242|0x00000000ef200000, 0x00000000ef300000, 0x00000000ef300000|100%| E|CS|TAMS 0x00000000ef200000, 0x00000000ef200000| Complete 
| 243|0x00000000ef300000, 0x00000000ef400000, 0x00000000ef400000|100%| E|CS|TAMS 0x00000000ef300000, 0x00000000ef300000| Complete 
| 244|0x00000000ef400000, 0x00000000ef500000, 0x00000000ef500000|100%| E|CS|TAMS 0x00000000ef400000, 0x00000000ef400000| Complete 
| 245|0x00000000ef500000, 0x00000000ef600000, 0x00000000ef600000|100%| E|CS|TAMS 0x00000000ef500000, 0x00000000ef500000| Complete 
| 246|0x00000000ef600000, 0x00000000ef700000, 0x00000000ef700000|100%| E|CS|TAMS 0x00000000ef600000, 0x00000000ef600000| Complete 
| 247|0x00000000ef700000, 0x00000000ef800000, 0x00000000ef800000|100%| E|CS|TAMS 0x00000000ef700000, 0x00000000ef700000| Complete 
| 248|0x00000000ef800000, 0x00000000ef900000, 0x00000000ef900000|100%| E|CS|TAMS 0x00000000ef800000, 0x00000000ef800000| Complete 
| 249|0x00000000ef900000, 0x00000000efa00000, 0x00000000efa00000|100%| E|CS|TAMS 0x00000000ef900000, 0x00000000ef900000| Complete 
| 250|0x00000000efa00000, 0x00000000efb00000, 0x00000000efb00000|100%| E|CS|TAMS 0x00000000efa00000, 0x00000000efa00000| Complete 
| 251|0x00000000efb00000, 0x00000000efc00000, 0x00000000efc00000|100%| E|CS|TAMS 0x00000000efb00000, 0x00000000efb00000| Complete 
| 252|0x00000000efc00000, 0x00000000efd00000, 0x00000000efd00000|100%| E|CS|TAMS 0x00000000efc00000, 0x00000000efc00000| Complete 
| 253|0x00000000efd00000, 0x00000000efd7d220, 0x00000000efe00000| 48%| S|CS|TAMS 0x00000000efd00000, 0x00000000efd00000| Complete 
| 254|0x00000000efe00000, 0x00000000eff00000, 0x00000000eff00000|100%| S|CS|TAMS 0x00000000efe00000, 0x00000000efe00000| Complete 
| 255|0x00000000eff00000, 0x00000000f0000000, 0x00000000f0000000|100%| E|CS|TAMS 0x00000000eff00000, 0x00000000eff00000| Complete 

Card table byte_map: [0x000001577ced0000,0x000001577cfd0000] _byte_map_base: 0x000001577c7d0000

Marking Bits (Prev, Next): (CMBitMap*) 0x000001577436f880, (CMBitMap*) 0x000001577436f848
 Prev Bits: [0x000001577d8d0000, 0x000001577e0d0000)
 Next Bits: [0x000001577d0d0000, 0x000001577d8d0000)

Polling page: 0x0000015772250000

Metaspace:

Usage:
  Non-class:     73.77 MB capacity,    72.03 MB ( 98%) used,     1.47 MB (  2%) free+waste,   279.00 KB ( <1%) overhead. 
      Class:     11.45 MB capacity,    10.52 MB ( 92%) used,   818.85 KB (  7%) free+waste,   133.25 KB (  1%) overhead. 
       Both:     85.21 MB capacity,    82.54 MB ( 97%) used,     2.27 MB (  3%) free+waste,   412.25 KB ( <1%) overhead. 

Virtual space:
  Non-class space:       76.00 MB reserved,      74.01 MB ( 97%) committed 
      Class space:      248.00 MB reserved,      11.50 MB (  5%) committed 
             Both:      324.00 MB reserved,      85.51 MB ( 26%) committed 

Chunk freelists:
   Non-Class:  55.00 KB
       Class:  0 bytes
        Both:  55.00 KB

MaxMetaspaceSize: 256.00 MB
CompressedClassSpaceSize: 248.00 MB
Initial GC threshold: 20.80 MB
Current GC threshold: 98.55 MB
CDS: off

CodeHeap 'non-profiled nmethods': size=120000Kb used=5866Kb max_used=5866Kb free=114133Kb
 bounds [0x0000015707ad0000, 0x0000015708090000, 0x000001570f000000]
CodeHeap 'profiled nmethods': size=120000Kb used=21468Kb max_used=21468Kb free=98531Kb
 bounds [0x00000157005a0000, 0x0000015701aa0000, 0x0000015707ad0000]
CodeHeap 'non-nmethods': size=5760Kb used=2385Kb max_used=2428Kb free=3374Kb
 bounds [0x0000015700000000, 0x0000015700270000, 0x00000157005a0000]
 total_blobs=10568 nmethods=9656 adapters=824
 compilation: enabled
              stopped_count=0, restarted_count=0
 full_count=0

Compilation events (20 events):
Event: 3274.188 Thread 0x000001577f3cd800 9887       2       groovyjarjarantlr4.v4.runtime.ParserRuleContext::copyFrom (104 bytes)
Event: 3274.193 Thread 0x000001577f3cd800 nmethod 9887 0x0000015701a8a410 code [0x0000015701a8a640, 0x0000015701a8ac28]
Event: 3274.237 Thread 0x000001577f3cd800 9890       3       groovyjarjarantlr4.v4.runtime.atn.PredictionContext::join (569 bytes)
Event: 3274.242 Thread 0x000001577f3cd800 nmethod 9890 0x0000015701a8ae10 code [0x0000015701a8b360, 0x0000015701a8ebc8]
Event: 3274.309 Thread 0x000001577f3cd800 9891       2       groovyjarjarantlr4.v4.runtime.atn.SemanticContext$PrecedencePredicate::equals (38 bytes)
Event: 3274.309 Thread 0x000001577f3cd800 nmethod 9891 0x0000015701a8f910 code [0x0000015701a8fac0, 0x0000015701a8fc78]
Event: 3274.310 Thread 0x000001577f3cd800 9892       2       groovyjarjarantlr4.v4.runtime.atn.SemanticContext::and (54 bytes)
Event: 3274.313 Thread 0x000001577f3cd800 nmethod 9892 0x0000015701a8fd90 code [0x0000015701a8ff60, 0x0000015701a90168]
Event: 3274.322 Thread 0x000001577f3cd800 9893   !   2       org.apache.groovy.parser.antlr4.GroovyParser::nls (193 bytes)
Event: 3274.330 Thread 0x000001577f3cd800 nmethod 9893 0x0000015701a90290 code [0x0000015701a90500, 0x0000015701a90b18]
Event: 3274.330 Thread 0x000001577f3cd800 9894       2       org.apache.groovy.parser.antlr4.GroovyParser$NlsContext::<init> (7 bytes)
Event: 3274.332 Thread 0x000001577f3cd800 nmethod 9894 0x0000015701a91010 code [0x0000015701a911c0, 0x0000015701a91338]
Event: 3274.335 Thread 0x000001577f3cd800 9896       2       groovyjarjarantlr4.v4.runtime.dfa.SingletonEdgeMap::put (95 bytes)
Event: 3274.338 Thread 0x000001577f3cd800 nmethod 9896 0x0000015701a91410 code [0x0000015701a91620, 0x0000015701a91bd8]
Event: 3274.338 Thread 0x000001577f3cd800 9897       2       java.lang.Integer::compareTo (9 bytes)
Event: 3274.340 Thread 0x000001577f3cd800 nmethod 9897 0x0000015701a91e10 code [0x0000015701a91fc0, 0x0000015701a92138]
Event: 3274.340 Thread 0x000001577f3cd800 9898       2       java.lang.Integer::compareTo (12 bytes)
Event: 3274.340 Thread 0x000001577f3cd800 nmethod 9898 0x0000015701a92210 code [0x0000015701a923c0, 0x0000015701a924f8]
Event: 3274.360 Thread 0x000001577f3cd800 9899       2       groovyjarjarantlr4.v4.runtime.atn.ATNConfigSet::setOutermostConfigSet (50 bytes)
Event: 3274.363 Thread 0x000001577f3cd800 nmethod 9899 0x0000015701a92590 code [0x0000015701a92740, 0x0000015701a92908]

GC Heap History (20 events):
Event: 7.241 GC heap before
{Heap before GC invocations=1 (full 0):
 garbage-first heap   total 262144K, used 104680K [0x00000000e0000000, 0x0000000100000000)
  region size 1024K, 96 young (98304K), 3 survivors (3072K)
 Metaspace       used 20777K, capacity 21223K, committed 21296K, reserved 274432K
  class space    used 2494K, capacity 2665K, committed 2688K, reserved 253952K
}
Event: 7.261 GC heap after
{Heap after GC invocations=2 (full 0):
 garbage-first heap   total 262144K, used 17124K [0x00000000e0000000, 0x0000000100000000)
  region size 1024K, 11 young (11264K), 11 survivors (11264K)
 Metaspace       used 20777K, capacity 21223K, committed 21296K, reserved 274432K
  class space    used 2494K, capacity 2665K, committed 2688K, reserved 253952K
}
Event: 8.917 GC heap before
{Heap before GC invocations=3 (full 0):
 garbage-first heap   total 262144K, used 80612K [0x00000000e0000000, 0x0000000100000000)
  region size 1024K, 73 young (74752K), 11 survivors (11264K)
 Metaspace       used 26902K, capacity 27513K, committed 27824K, reserved 278528K
  class space    used 3504K, capacity 3730K, committed 3840K, reserved 253952K
}
Event: 8.958 GC heap after
{Heap after GC invocations=4 (full 0):
 garbage-first heap   total 262144K, used 19490K [0x00000000e0000000, 0x0000000100000000)
  region size 1024K, 3 young (3072K), 3 survivors (3072K)
 Metaspace       used 26902K, capacity 27513K, committed 27824K, reserved 278528K
  class space    used 3504K, capacity 3730K, committed 3840K, reserved 253952K
}
Event: 11.601 GC heap before
{Heap before GC invocations=4 (full 0):
 garbage-first heap   total 262144K, used 112674K [0x00000000e0000000, 0x0000000100000000)
  region size 1024K, 84 young (86016K), 3 survivors (3072K)
 Metaspace       used 34836K, capacity 35790K, committed 35920K, reserved 286720K
  class space    used 4691K, capacity 5038K, committed 5120K, reserved 253952K
}
Event: 11.645 GC heap after
{Heap after GC invocations=5 (full 0):
 garbage-first heap   total 262144K, used 35951K [0x00000000e0000000, 0x0000000100000000)
  region size 1024K, 8 young (8192K), 8 survivors (8192K)
 Metaspace       used 34836K, capacity 35790K, committed 35920K, reserved 286720K
  class space    used 4691K, capacity 5038K, committed 5120K, reserved 253952K
}
Event: 13.959 GC heap before
{Heap before GC invocations=6 (full 0):
 garbage-first heap   total 262144K, used 151663K [0x00000000e0000000, 0x0000000100000000)
  region size 1024K, 112 young (114688K), 8 survivors (8192K)
 Metaspace       used 45651K, capacity 47010K, committed 47184K, reserved 294912K
  class space    used 5848K, capacity 6336K, committed 6400K, reserved 253952K
}
Event: 14.061 GC heap after
{Heap after GC invocations=7 (full 0):
 garbage-first heap   total 262144K, used 51672K [0x00000000e0000000, 0x0000000100000000)
  region size 1024K, 14 young (14336K), 14 survivors (14336K)
 Metaspace       used 45651K, capacity 47010K, committed 47184K, reserved 294912K
  class space    used 5848K, capacity 6336K, committed 6400K, reserved 253952K
}
Event: 16.562 GC heap before
{Heap before GC invocations=7 (full 0):
 garbage-first heap   total 262144K, used 167384K [0x00000000e0000000, 0x0000000100000000)
  region size 1024K, 128 young (131072K), 14 survivors (14336K)
 Metaspace       used 58379K, capacity 60192K, committed 60296K, reserved 307200K
  class space    used 7620K, capacity 8305K, committed 8320K, reserved 253952K
}
Event: 16.667 GC heap after
{Heap after GC invocations=8 (full 0):
 garbage-first heap   total 262144K, used 59852K [0x00000000e0000000, 0x0000000100000000)
  region size 1024K, 15 young (15360K), 15 survivors (15360K)
 Metaspace       used 58379K, capacity 60192K, committed 60296K, reserved 307200K
  class space    used 7620K, capacity 8305K, committed 8320K, reserved 253952K
}
Event: 18.980 GC heap before
{Heap before GC invocations=9 (full 0):
 garbage-first heap   total 262144K, used 206284K [0x00000000e0000000, 0x0000000100000000)
  region size 1024K, 134 young (137216K), 15 survivors (15360K)
 Metaspace       used 66687K, capacity 68946K, committed 69128K, reserved 315392K
  class space    used 8804K, capacity 9616K, committed 9728K, reserved 253952K
}
Event: 19.001 GC heap after
{Heap after GC invocations=10 (full 0):
 garbage-first heap   total 262144K, used 95384K [0x00000000e0000000, 0x0000000100000000)
  region size 1024K, 17 young (17408K), 17 survivors (17408K)
 Metaspace       used 66687K, capacity 68946K, committed 69128K, reserved 315392K
  class space    used 8804K, capacity 9616K, committed 9728K, reserved 253952K
}
Event: 20.151 GC heap before
{Heap before GC invocations=10 (full 0):
 garbage-first heap   total 262144K, used 202904K [0x00000000e0000000, 0x0000000100000000)
  region size 1024K, 122 young (124928K), 17 survivors (17408K)
 Metaspace       used 71622K, capacity 74091K, committed 74376K, reserved 319488K
  class space    used 9391K, capacity 10295K, committed 10368K, reserved 253952K
}
Event: 20.186 GC heap after
{Heap after GC invocations=11 (full 0):
 garbage-first heap   total 262144K, used 102632K [0x00000000e0000000, 0x0000000100000000)
  region size 1024K, 8 young (8192K), 8 survivors (8192K)
 Metaspace       used 71622K, capacity 74091K, committed 74376K, reserved 319488K
  class space    used 9391K, capacity 10295K, committed 10368K, reserved 253952K
}
Event: 1456.323 GC heap before
{Heap before GC invocations=11 (full 0):
 garbage-first heap   total 262144K, used 206056K [0x00000000e0000000, 0x0000000100000000)
  region size 1024K, 110 young (112640K), 8 survivors (8192K)
 Metaspace       used 83516K, capacity 86184K, committed 86280K, reserved 329728K
  class space    used 10737K, capacity 11683K, committed 11776K, reserved 253952K
}
Event: 1456.555 GC heap after
{Heap after GC invocations=12 (full 0):
 garbage-first heap   total 262144K, used 108454K [0x00000000e0000000, 0x0000000100000000)
  region size 1024K, 13 young (13312K), 13 survivors (13312K)
 Metaspace       used 83516K, capacity 86184K, committed 86280K, reserved 329728K
  class space    used 10737K, capacity 11683K, committed 11776K, reserved 253952K
}
Event: 3272.532 GC heap before
{Heap before GC invocations=12 (full 0):
 garbage-first heap   total 262144K, used 208806K [0x00000000e0000000, 0x0000000100000000)
  region size 1024K, 112 young (114688K), 13 survivors (13312K)
 Metaspace       used 84474K, capacity 87193K, committed 87304K, reserved 329728K
  class space    used 10764K, capacity 11720K, committed 11776K, reserved 253952K
}
Event: 3273.461 GC heap after
{Heap after GC invocations=13 (full 0):
 garbage-first heap   total 262144K, used 112545K [0x00000000e0000000, 0x0000000100000000)
  region size 1024K, 11 young (11264K), 11 survivors (11264K)
 Metaspace       used 84474K, capacity 87193K, committed 87304K, reserved 329728K
  class space    used 10764K, capacity 11720K, committed 11776K, reserved 253952K
}
Event: 3273.504 GC heap before
{Heap before GC invocations=13 (full 0):
 garbage-first heap   total 262144K, used 113569K [0x00000000e0000000, 0x0000000100000000)
  region size 1024K, 12 young (12288K), 11 survivors (11264K)
 Metaspace       used 84474K, capacity 87193K, committed 87304K, reserved 329728K
  class space    used 10764K, capacity 11720K, committed 11776K, reserved 253952K
}
Event: 3273.545 GC heap after
{Heap after GC invocations=14 (full 0):
 garbage-first heap   total 262144K, used 113271K [0x00000000e0000000, 0x0000000100000000)
  region size 1024K, 2 young (2048K), 2 survivors (2048K)
 Metaspace       used 84474K, capacity 87193K, committed 87304K, reserved 329728K
  class space    used 10764K, capacity 11720K, committed 11776K, reserved 253952K
}

Deoptimization events (20 events):
Event: 3273.597 Thread 0x00000157152b2800 DEOPT PACKING pc=0x0000015700de7fdb sp=0x000000564fdf7510
Event: 3273.597 Thread 0x00000157152b2800 DEOPT UNPACKING pc=0x000001570004a95e sp=0x000000564fdf69b0 mode 0
Event: 3273.675 Thread 0x00000157152b2800 DEOPT PACKING pc=0x0000015700de7fdb sp=0x000000564fdf7510
Event: 3273.675 Thread 0x00000157152b2800 DEOPT UNPACKING pc=0x000001570004a95e sp=0x000000564fdf69b0 mode 0
Event: 3273.734 Thread 0x00000157152b2800 DEOPT PACKING pc=0x0000015700de7fdb sp=0x000000564fdf7510
Event: 3273.734 Thread 0x00000157152b2800 DEOPT UNPACKING pc=0x000001570004a95e sp=0x000000564fdf69b0 mode 0
Event: 3274.107 Thread 0x00000157152b2800 DEOPT PACKING pc=0x0000015700de7fdb sp=0x000000564fdf7040
Event: 3274.107 Thread 0x00000157152b2800 DEOPT UNPACKING pc=0x000001570004a95e sp=0x000000564fdf64e0 mode 0
Event: 3274.115 Thread 0x00000157152b2800 Uncommon trap: trap_request=0xffffffbe fr.pc=0x00000157080843cc relative=0x000000000000532c
Event: 3274.115 Thread 0x00000157152b2800 Uncommon trap: reason=profile_predicate action=maybe_recompile pc=0x00000157080843cc method=groovyjarjarantlr4.v4.runtime.atn.PredictionContext.getCachedContext(Lgroovyjarjarantlr4/v4/runtime/atn/PredictionContext;Ljava/util/concurrent/ConcurrentMap;Lgroo
Event: 3274.115 Thread 0x00000157152b2800 DEOPT PACKING pc=0x00000157080843cc sp=0x000000564fdf7240
Event: 3274.115 Thread 0x00000157152b2800 DEOPT UNPACKING pc=0x000001570004a1af sp=0x000000564fdf7250 mode 2
Event: 3274.115 Thread 0x00000157152b2800 Uncommon trap: trap_request=0xffffffbe fr.pc=0x00000157080843cc relative=0x000000000000532c
Event: 3274.115 Thread 0x00000157152b2800 Uncommon trap: reason=profile_predicate action=maybe_recompile pc=0x00000157080843cc method=groovyjarjarantlr4.v4.runtime.atn.PredictionContext.getCachedContext(Lgroovyjarjarantlr4/v4/runtime/atn/PredictionContext;Ljava/util/concurrent/ConcurrentMap;Lgroo
Event: 3274.116 Thread 0x00000157152b2800 DEOPT PACKING pc=0x00000157080843cc sp=0x000000564fdf7240
Event: 3274.116 Thread 0x00000157152b2800 DEOPT UNPACKING pc=0x000001570004a1af sp=0x000000564fdf7250 mode 2
Event: 3274.235 Thread 0x00000157152b2800 Uncommon trap: trap_request=0xffffff4d fr.pc=0x0000015708069f48 relative=0x0000000000004a48
Event: 3274.235 Thread 0x00000157152b2800 Uncommon trap: reason=unstable_if action=reinterpret pc=0x0000015708069f48 method=groovyjarjarantlr4.v4.runtime.atn.PredictionContextCache$IdentityCommutativePredictionContextOperands.equals(Ljava/lang/Object;)Z @ 40 c2
Event: 3274.235 Thread 0x00000157152b2800 DEOPT PACKING pc=0x0000015708069f48 sp=0x000000564fdf6300
Event: 3274.235 Thread 0x00000157152b2800 DEOPT UNPACKING pc=0x000001570004a1af sp=0x000000564fdf6150 mode 2

Classes redefined (0 events):
No events

Internal exceptions (20 events):
Event: 1451.074 Thread 0x00000157152b1000 Exception <a 'java/lang/ClassNotFoundException'{0x00000000ed0502f0}: sync_studio_tooling731_d0u7gjiyi6630lk78qoeytk16BeanInfo> (0x00000000ed0502f0) thrown at [s\src\hotspot\share\classfile\systemDictionary.cpp, line 230]
Event: 1451.074 Thread 0x00000157152b1000 Exception <a 'java/lang/ClassNotFoundException'{0x00000000ed05dce0}: sync_studio_tooling731_d0u7gjiyi6630lk78qoeytk16Customizer> (0x00000000ed05dce0) thrown at [s\src\hotspot\share\classfile\systemDictionary.cpp, line 230]
Event: 1452.123 Thread 0x00000157152b1000 Exception <a 'java/lang/ClassNotFoundException'{0x00000000ec845b90}: build_1x7krpkyyr8oqd6qs8yei1x7yBeanInfo> (0x00000000ec845b90) thrown at [s\src\hotspot\share\classfile\systemDictionary.cpp, line 230]
Event: 1452.124 Thread 0x00000157152b1000 Exception <a 'java/lang/ClassNotFoundException'{0x00000000ec851b90}: build_1x7krpkyyr8oqd6qs8yei1x7yCustomizer> (0x00000000ec851b90) thrown at [s\src\hotspot\share\classfile\systemDictionary.cpp, line 230]
Event: 1452.382 Thread 0x0000015712e96800 Exception <a 'sun/nio/fs/WindowsException'{0x00000000ec531018}> (0x00000000ec531018) thrown at [s\src\hotspot\share\prims\jni.cpp, line 617]
Event: 1452.392 Thread 0x0000015712e96800 Exception <a 'sun/nio/fs/WindowsException'{0x00000000ec57e768}> (0x00000000ec57e768) thrown at [s\src\hotspot\share\prims\jni.cpp, line 617]
Event: 1452.394 Thread 0x0000015712e96800 Exception <a 'sun/nio/fs/WindowsException'{0x00000000ec57e8d0}> (0x00000000ec57e8d0) thrown at [s\src\hotspot\share\prims\jni.cpp, line 617]
Event: 1452.408 Thread 0x00000157152b1000 Exception <a 'java/lang/ClassNotFoundException'{0x00000000ec5d72d0}: build_1x7krpkyyr8oqd6qs8yei1x7yBeanInfo> (0x00000000ec5d72d0) thrown at [s\src\hotspot\share\classfile\systemDictionary.cpp, line 230]
Event: 1452.409 Thread 0x00000157152b1000 Exception <a 'java/lang/ClassNotFoundException'{0x00000000ec5e3548}: build_1x7krpkyyr8oqd6qs8yei1x7yCustomizer> (0x00000000ec5e3548) thrown at [s\src\hotspot\share\classfile\systemDictionary.cpp, line 230]
Event: 1452.993 Thread 0x00000157152b1000 Implicit null exception at 0x0000015707e7c56b to 0x0000015707e7c58c
Event: 1453.027 Thread 0x00000157152b2800 Exception <a 'java/lang/NoSuchMethodError'{0x00000000ed4a6f80}: <clinit>> (0x00000000ed4a6f80) thrown at [s\src\hotspot\share\prims\jni.cpp, line 1367]
Event: 1453.031 Thread 0x00000157152b2800 Exception <a 'java/lang/NoSuchMethodError'{0x00000000ed4b7100}: <clinit>> (0x00000000ed4b7100) thrown at [s\src\hotspot\share\prims\jni.cpp, line 1367]
Event: 1453.032 Thread 0x00000157152b2800 Exception <a 'java/lang/NoSuchMethodError'{0x00000000ec07d660}: <clinit>> (0x00000000ec07d660) thrown at [s\src\hotspot\share\prims\jni.cpp, line 1367]
Event: 1453.310 Thread 0x00000157152b1000 Exception <a 'sun/nio/fs/WindowsException'{0x00000000ebdae530}> (0x00000000ebdae530) thrown at [s\src\hotspot\share\prims\jni.cpp, line 617]
Event: 1455.589 Thread 0x00000157152b2800 Exception <a 'java/lang/NoSuchMethodError'{0x00000000ec093538}: <clinit>> (0x00000000ec093538) thrown at [s\src\hotspot\share\prims\jni.cpp, line 1367]
Event: 1455.604 Thread 0x00000157152b2800 Exception <a 'java/lang/NoSuchMethodError'{0x00000000e9f20070}: <clinit>> (0x00000000e9f20070) thrown at [s\src\hotspot\share\prims\jni.cpp, line 1367]
Event: 1455.607 Thread 0x00000157152b2800 Exception <a 'java/lang/NoSuchMethodError'{0x00000000e9f3aea0}: <clinit>> (0x00000000e9f3aea0) thrown at [s\src\hotspot\share\prims\jni.cpp, line 1367]
Event: 1455.607 Thread 0x00000157152b2800 Exception <a 'java/lang/NoSuchMethodError'{0x00000000e9f3bad0}: <clinit>> (0x00000000e9f3bad0) thrown at [s\src\hotspot\share\prims\jni.cpp, line 1367]
Event: 1455.607 Thread 0x00000157152b2800 Exception <a 'java/lang/NoSuchMethodError'{0x00000000e9f3c7a0}: <clinit>> (0x00000000e9f3c7a0) thrown at [s\src\hotspot\share\prims\jni.cpp, line 1367]
Event: 3274.082 Thread 0x000001577eb42800 Exception <a 'java/net/SocketException'{0x00000000eff13018}: Connection reset by peer: socket write error> (0x00000000eff13018) thrown at [s\src\hotspot\share\prims\jni.cpp, line 638]

Events (20 events):
Event: 3273.558 loading class org/apache/http/impl/conn/PoolingHttpClientConnectionManager$2
Event: 3273.558 loading class org/apache/http/impl/conn/PoolingHttpClientConnectionManager$2 done
Event: 3273.855 loading class sun/security/ssl/Alert
Event: 3273.888 loading class sun/security/ssl/Alert done
Event: 3273.992 loading class sun/security/ssl/Alert$AlertConsumer
Event: 3274.023 loading class sun/security/ssl/Alert$AlertConsumer done
Event: 3274.023 loading class sun/security/ssl/Alert$Level
Event: 3274.029 loading class sun/security/ssl/Alert$Level done
Event: 3274.030 Executing VM operation: RevokeBias
Event: 3274.044 Executing VM operation: RevokeBias done
Event: 3274.109 Executing VM operation: RevokeBias
Event: 3274.110 Executing VM operation: RevokeBias done
Event: 3274.116 Executing VM operation: RevokeBias
Event: 3274.116 Executing VM operation: RevokeBias done
Event: 3274.116 Executing VM operation: RevokeBias
Event: 3274.117 Executing VM operation: RevokeBias done
Event: 3274.120 Executing VM operation: RevokeBias
Event: 3274.121 Executing VM operation: RevokeBias done
Event: 3274.122 Executing VM operation: RevokeBias
Event: 3274.124 Executing VM operation: RevokeBias done


Dynamic libraries:
0x00007ff66df10000 - 0x00007ff66df1e000 	C:\Program Files\Eclipse Adoptium\jdk-11.0.19.7-hotspot\bin\java.exe
0x00007ffebda10000 - 0x00007ffebdc08000 	C:\WINDOWS\SYSTEM32\ntdll.dll
0x00007ffebc310000 - 0x00007ffebc3cd000 	C:\WINDOWS\System32\KERNEL32.DLL
0x00007ffebb330000 - 0x00007ffebb626000 	C:\WINDOWS\System32\KERNELBASE.dll
0x00007ffebb230000 - 0x00007ffebb330000 	C:\WINDOWS\System32\ucrtbase.dll
0x00007ffeb84c0000 - 0x00007ffeb84d9000 	C:\Program Files\Eclipse Adoptium\jdk-11.0.19.7-hotspot\bin\VCRUNTIME140.dll
0x00007ffeb3be0000 - 0x00007ffeb3bf8000 	C:\Program Files\Eclipse Adoptium\jdk-11.0.19.7-hotspot\bin\jli.dll
0x00007ffebc430000 - 0x00007ffebc5ce000 	C:\WINDOWS\System32\USER32.dll
0x00007ffebb9b0000 - 0x00007ffebb9d2000 	C:\WINDOWS\System32\win32u.dll
0x00007ffebcfb0000 - 0x00007ffebcfdb000 	C:\WINDOWS\System32\GDI32.dll
0x00007ffebb750000 - 0x00007ffebb867000 	C:\WINDOWS\System32\gdi32full.dll
0x00007ffebb6b0000 - 0x00007ffebb74d000 	C:\WINDOWS\System32\msvcp_win.dll
0x00007ffeb9cc0000 - 0x00007ffeb9f5a000 	C:\WINDOWS\WinSxS\amd64_microsoft.windows.common-controls_6595b64144ccf1df_6.0.19041.3636_none_60b6a03d71f818d5\COMCTL32.dll
0x00007ffebbec0000 - 0x00007ffebbf5e000 	C:\WINDOWS\System32\msvcrt.dll
0x00007ffebc680000 - 0x00007ffebc6b2000 	C:\WINDOWS\System32\IMM32.DLL
0x0000000064100000 - 0x000000006410c000 	C:\Program Files (x86)\360\Total Security\safemon\SafeWrapper.dll
0x00007ffebcfe0000 - 0x00007ffebd093000 	C:\WINDOWS\System32\ADVAPI32.dll
0x00007ffebc090000 - 0x00007ffebc12f000 	C:\WINDOWS\System32\sechost.dll
0x00007ffebd690000 - 0x00007ffebd7b6000 	C:\WINDOWS\System32\RPCRT4.dll
0x00007ffebb630000 - 0x00007ffebb657000 	C:\WINDOWS\System32\bcrypt.dll
0x00007ffeacd40000 - 0x00007ffeacdd2000 	C:\Program Files (x86)\360\Total Security\safemon\libzdtp64.dll
0x00007ffebc780000 - 0x00007ffebcec5000 	C:\WINDOWS\System32\SHELL32.dll
0x00007ffebc3d0000 - 0x00007ffebc425000 	C:\WINDOWS\System32\SHLWAPI.dll
0x00007ffebab60000 - 0x00007ffebab6a000 	C:\WINDOWS\SYSTEM32\VERSION.dll
0x00007ffeafbe0000 - 0x00007ffeafbec000 	C:\Program Files\Eclipse Adoptium\jdk-11.0.19.7-hotspot\bin\vcruntime140_1.dll
0x00007ffe9e8d0000 - 0x00007ffe9e961000 	C:\Program Files\Eclipse Adoptium\jdk-11.0.19.7-hotspot\bin\msvcp140.dll
0x00007ffe6d080000 - 0x00007ffe6dc3c000 	C:\Program Files\Eclipse Adoptium\jdk-11.0.19.7-hotspot\bin\server\jvm.dll
0x00007ffebbf60000 - 0x00007ffebbf68000 	C:\WINDOWS\System32\PSAPI.DLL
0x00007ffeb94f0000 - 0x00007ffeb9517000 	C:\WINDOWS\SYSTEM32\WINMM.dll
0x00007ffea5da0000 - 0x00007ffea5da9000 	C:\WINDOWS\SYSTEM32\WSOCK32.dll
0x00007ffebd2b0000 - 0x00007ffebd31b000 	C:\WINDOWS\System32\WS2_32.dll
0x00007ffeb8c00000 - 0x00007ffeb8c12000 	C:\WINDOWS\SYSTEM32\kernel.appcore.dll
0x00007ffeafbd0000 - 0x00007ffeafbe0000 	C:\Program Files\Eclipse Adoptium\jdk-11.0.19.7-hotspot\bin\verify.dll
0x00007ffeb1da0000 - 0x00007ffeb1f84000 	C:\WINDOWS\SYSTEM32\DBGHELP.DLL
0x00007ffea8920000 - 0x00007ffea8954000 	C:\WINDOWS\SYSTEM32\dbgcore.DLL
0x00007ffebb920000 - 0x00007ffebb9a2000 	C:\WINDOWS\System32\bcryptPrimitives.dll
0x00007ffe9f890000 - 0x00007ffe9f8b8000 	C:\Program Files\Eclipse Adoptium\jdk-11.0.19.7-hotspot\bin\java.dll
0x00007ffeafbc0000 - 0x00007ffeafbca000 	C:\Program Files\Eclipse Adoptium\jdk-11.0.19.7-hotspot\bin\jimage.dll
0x00007ffe9f870000 - 0x00007ffe9f888000 	C:\Program Files\Eclipse Adoptium\jdk-11.0.19.7-hotspot\bin\zip.dll
0x00007ffeb9520000 - 0x00007ffeb9cbc000 	C:\WINDOWS\SYSTEM32\windows.storage.dll
0x00007ffebd320000 - 0x00007ffebd674000 	C:\WINDOWS\System32\combase.dll
0x00007ffeba9c0000 - 0x00007ffeba9ee000 	C:\WINDOWS\SYSTEM32\Wldp.dll
0x00007ffebcee0000 - 0x00007ffebcfad000 	C:\WINDOWS\System32\OLEAUT32.dll
0x00007ffebc1e0000 - 0x00007ffebc28d000 	C:\WINDOWS\System32\SHCORE.dll
0x00007ffebb000000 - 0x00007ffebb025000 	C:\WINDOWS\SYSTEM32\profapi.dll
0x00007ffe9f7a0000 - 0x00007ffe9f7b9000 	C:\Program Files\Eclipse Adoptium\jdk-11.0.19.7-hotspot\bin\net.dll
0x00007ffeb1640000 - 0x00007ffeb174a000 	C:\WINDOWS\SYSTEM32\WINHTTP.dll
0x00007ffeba720000 - 0x00007ffeba78a000 	C:\WINDOWS\system32\mswsock.dll
0x00007ffe9ec90000 - 0x00007ffe9eca3000 	C:\Program Files\Eclipse Adoptium\jdk-11.0.19.7-hotspot\bin\nio.dll
0x00007ffe947c0000 - 0x00007ffe947e7000 	C:\Users\user\.gradle\native\68d5fa5c4cc2d200863cafc0d521ce42e7d3e7ee720ec0a83991735586a16f82\windows-amd64\native-platform.dll
0x00007ffe82d40000 - 0x00007ffe82e84000 	C:\Users\user\.gradle\native\e376f236ea51e6404a007f0833ffe2c6e607c4080706a723a18a27aeea778392\windows-amd64\native-platform-file-events.dll
0x00007ffeac240000 - 0x00007ffeac249000 	C:\Program Files\Eclipse Adoptium\jdk-11.0.19.7-hotspot\bin\management.dll
0x00007ffeab6c0000 - 0x00007ffeab6cb000 	C:\Program Files\Eclipse Adoptium\jdk-11.0.19.7-hotspot\bin\management_ext.dll
0x00007ffeba910000 - 0x00007ffeba928000 	C:\WINDOWS\SYSTEM32\CRYPTSP.dll
0x00000000647c0000 - 0x00000000647d9000 	C:\Program Files\Common Files\Crypto Pro\AppCompat\cpadvai.dll
0x00007ffeba050000 - 0x00007ffeba084000 	C:\WINDOWS\system32\rsaenh.dll
0x00007ffebaf80000 - 0x00007ffebafae000 	C:\WINDOWS\SYSTEM32\USERENV.dll
0x00007ffeba930000 - 0x00007ffeba93c000 	C:\WINDOWS\SYSTEM32\CRYPTBASE.dll
0x00007ffeba410000 - 0x00007ffeba44b000 	C:\WINDOWS\SYSTEM32\IPHLPAPI.DLL
0x00007ffebd680000 - 0x00007ffebd688000 	C:\WINDOWS\System32\NSI.dll
0x00007ffeb2070000 - 0x00007ffeb2087000 	C:\WINDOWS\SYSTEM32\dhcpcsvc6.DLL
0x00007ffeb3450000 - 0x00007ffeb346d000 	C:\WINDOWS\SYSTEM32\dhcpcsvc.DLL
0x00007ffeba450000 - 0x00007ffeba51b000 	C:\WINDOWS\SYSTEM32\DNSAPI.dll
0x00007ffeb84f0000 - 0x00007ffeb84fe000 	C:\Program Files\Eclipse Adoptium\jdk-11.0.19.7-hotspot\bin\sunmscapi.dll
0x00007ffebb0d0000 - 0x00007ffebb22d000 	C:\WINDOWS\System32\CRYPT32.dll
0x00007ffebaa30000 - 0x00007ffebaa58000 	C:\WINDOWS\SYSTEM32\ncrypt.dll
0x00000000647e0000 - 0x0000000064805000 	C:\Program Files\Common Files\Crypto Pro\AppCompat\cpcrypt.dll
0x00007ffeba9f0000 - 0x00007ffebaa2b000 	C:\WINDOWS\SYSTEM32\NTASN1.dll
0x00007ffeb2ed0000 - 0x00007ffeb2ef7000 	C:\Program Files\Eclipse Adoptium\jdk-11.0.19.7-hotspot\bin\sunec.dll
0x00000000643a0000 - 0x00000000643c6000 	C:\Program Files\Bonjour\mdnsNSP.dll
0x00007ffeb2a40000 - 0x00007ffeb2a4a000 	C:\Windows\System32\rasadhlp.dll
0x00007ffeaa7f0000 - 0x00007ffeaa870000 	C:\WINDOWS\System32\fwpuclnt.dll

dbghelp: loaded successfully - version: 4.0.5 - missing functions: none
symbol engine: initialized successfully - sym options: 0x614 - pdb path: .;C:\Program Files\Eclipse Adoptium\jdk-11.0.19.7-hotspot\bin;C:\WINDOWS\SYSTEM32;C:\WINDOWS\WinSxS\amd64_microsoft.windows.common-controls_6595b64144ccf1df_6.0.19041.3636_none_60b6a03d71f818d5;C:\Program Files (x86)\360\Total Security\safemon;C:\Program Files\Eclipse Adoptium\jdk-11.0.19.7-hotspot\bin\server;C:\Users\user\.gradle\native\68d5fa5c4cc2d200863cafc0d521ce42e7d3e7ee720ec0a83991735586a16f82\windows-amd64;C:\Users\user\.gradle\native\e376f236ea51e6404a007f0833ffe2c6e607c4080706a723a18a27aeea778392\windows-amd64;C:\Program Files\Common Files\Crypto Pro\AppCompat;C:\Program Files\Bonjour

VM Arguments:
jvm_args: --add-opens=java.base/java.util=ALL-UNNAMED --add-opens=java.base/java.lang=ALL-UNNAMED --add-opens=java.base/java.lang.invoke=ALL-UNNAMED --add-opens=java.prefs/java.util.prefs=ALL-UNNAMED --add-opens=java.base/java.nio.charset=ALL-UNNAMED --add-opens=java.base/java.net=ALL-UNNAMED --add-opens=java.base/java.util.concurrent.atomic=ALL-UNNAMED -XX:MaxMetaspaceSize=256m -XX:+HeapDumpOnOutOfMemoryError -Xms256m -Xmx512m -Dfile.encoding=windows-1251 -Duser.country=RU -Duser.language=ru -Duser.variant 
java_command: org.gradle.launcher.daemon.bootstrap.GradleDaemon 7.6
java_class_path (initial): C:\Users\user\.gradle\wrapper\dists\gradle-7.6-bin\9l9tetv7ltxvx3i8an4pb86ye\gradle-7.6\lib\gradle-launcher-7.6.jar
Launcher Type: SUN_STANDARD

[Global flags]
     intx CICompilerCount                          = 4                                         {product} {ergonomic}
   size_t CompressedClassSpaceSize                 = 260046848                                 {product} {ergonomic}
     uint ConcGCThreads                            = 2                                         {product} {ergonomic}
     uint G1ConcRefinementThreads                  = 8                                         {product} {ergonomic}
   size_t G1HeapRegionSize                         = 1048576                                   {product} {ergonomic}
    uintx GCDrainStackTargetSize                   = 64                                        {product} {ergonomic}
     bool HeapDumpOnOutOfMemoryError               = true                                   {manageable} {command line}
   size_t InitialHeapSize                          = 268435456                                 {product} {command line}
   size_t MarkStackSize                            = 4194304                                   {product} {ergonomic}
   size_t MaxHeapSize                              = 536870912                                 {product} {command line}
   size_t MaxMetaspaceSize                         = 268435456                                 {product} {command line}
   size_t MaxNewSize                               = 321912832                                 {product} {ergonomic}
   size_t MinHeapDeltaBytes                        = 1048576                                   {product} {ergonomic}
    uintx NonNMethodCodeHeapSize                   = 5836300                                {pd product} {ergonomic}
    uintx NonProfiledCodeHeapSize                  = 122910970                              {pd product} {ergonomic}
    uintx ProfiledCodeHeapSize                     = 122910970                              {pd product} {ergonomic}
    uintx ReservedCodeCacheSize                    = 251658240                              {pd product} {ergonomic}
     bool SegmentedCodeCache                       = true                                      {product} {ergonomic}
     bool UseCompressedClassPointers               = true                                 {lp64_product} {ergonomic}
     bool UseCompressedOops                        = true                                 {lp64_product} {ergonomic}
     bool UseG1GC                                  = true                                      {product} {ergonomic}
     bool UseLargePagesIndividualAllocation        = false                                  {pd product} {ergonomic}

Logging:
Log output configuration:
 #0: stdout all=warning uptime,level,tags
 #1: stderr all=off uptime,level,tags

Environment Variables:
PATH=C:\Program Files\Eclipse Adoptium\jdk-11.0.19.7-hotspot\bin;C:\WINDOWS\system32;C:\WINDOWS;C:\WINDOWS\System32\Wbem;C:\WINDOWS\System32\WindowsPowerShell\v1.0\;C:\WINDOWS\System32\OpenSSH\;C:\Program Files\Git\cmd;C:\Users\user\AppData\Local\Microsoft\WindowsApps;C:\Users\user\AppData\Local\Programs\Microsoft VS Code\bin
USERNAME=user
OS=Windows_NT
PROCESSOR_IDENTIFIER=AMD64 Family 23 Model 24 Stepping 1, AuthenticAMD
TMP=C:\Users\user\AppData\Local\Temp
TEMP=C:\Users\user\AppData\Local\Temp



---------------  S Y S T E M  ---------------

OS: Windows 10 , 64 bit Build 19041 (10.0.19041.3636)
OS uptime: 0 days 19:31 hours

CPU:total 8 (initial active 8) (8 cores per cpu, 2 threads per core) family 23 model 24 stepping 1 microcode 0x0, cmov, cx8, fxsr, mmx, sse, sse2, sse3, ssse3, sse4.1, sse4.2, popcnt, avx, avx2, aes, clmul, mmxext, 3dnowpref, lzcnt, sse4a, ht, tsc, tscinvbit, tscinv, bmi1, bmi2, adx, sha, fma

Memory: 4k page, system-wide physical 3285M (18M free)
TotalPageFile size 13525M (AvailPageFile size 4M)
current process WorkingSet (physical memory assigned to process): 162M, peak: 373M
current process commit charge ("private bytes"): 520M, peak: 526M

vm_info: OpenJDK 64-Bit Server VM (11.0.19+7) for windows-amd64 JRE (11.0.19+7), built on Apr 18 2023 23:12:18 by "" with MS VC++ 16.7 (VS2019)

END.
